<?xml version="1.0" encoding="UTF-8"?>
<testsuite name="io.github.aloussase.larousse.search.infrastructure.JsoupSearchRepositoryTest" tests="1" skipped="0" failures="0" errors="0" timestamp="2025-07-06T02:21:39.942Z" hostname="tosca" time="1.102">
  <properties/>
  <testcase name="testFetchingDefinitionsReturnsExpectedListForGivenHtmlDocument()" classname="io.github.aloussase.larousse.search.infrastructure.JsoupSearchRepositoryTest" time="1.102"/>
  <system-out><![CDATA[
  .   ____          _            __ _ _
 /\\ / ___'_ __ _ _(_)_ __  __ _ \ \ \ \
( ( )\___ | '_ | '_| | '_ \/ _` | \ \ \ \
 \\/  ___)| |_)| | | | | || (_| |  ) ) ) )
  '  |____| .__|_| |_|_| |_\__, | / / / /
 =========|_|==============|___/=/_/_/_/

 :: Spring Boot ::                (v3.5.3)

2025-07-05T21:21:39.346-05:00  INFO 33655 --- [larousse] [    Test worker] org.wiremock.spring.internal.Store       : Resolving store from context: larousse
2025-07-05T21:21:39.362-05:00  INFO 33655 --- [larousse] [    Test worker] c.w.s.i.WireMockServerCreator wiremock   : Looking for mocks in directory wiremock/wiremock... 
2025-07-05T21:21:39.362-05:00  INFO 33655 --- [larousse] [    Test worker] c.w.s.i.WireMockServerCreator wiremock   : Looking for mocks in directory stubs/wiremock... 
2025-07-05T21:21:39.362-05:00  INFO 33655 --- [larousse] [    Test worker] c.w.s.i.WireMockServerCreator wiremock   : Looking for mocks in directory mappings/wiremock... 
2025-07-05T21:21:39.363-05:00  INFO 33655 --- [larousse] [    Test worker] c.w.s.i.WireMockServerCreator wiremock   : Looking for mocks in directory wiremock... 
2025-07-05T21:21:39.364-05:00  INFO 33655 --- [larousse] [    Test worker] c.w.s.i.WireMockServerCreator wiremock   : Looking for mocks in directory stubs... 
2025-07-05T21:21:39.364-05:00  INFO 33655 --- [larousse] [    Test worker] c.w.s.i.WireMockServerCreator wiremock   : Looking for mocks in directory mappings... 
2025-07-05T21:21:39.364-05:00  INFO 33655 --- [larousse] [    Test worker] c.w.s.i.WireMockServerCreator wiremock   : No mocks found under directory
2025-07-05T21:21:39.365-05:00  INFO 33655 --- [larousse] [    Test worker] c.w.s.i.WireMockServerCreator wiremock   : No mocks found under classpath
2025-07-05T21:21:39.366-05:00  INFO 33655 --- [larousse] [    Test worker] c.w.s.i.WireMockServerCreator wiremock   : Configuring WireMockServer with name 'wiremock' on HTTP port: 0 and HTTPS port: -1
2025-07-05T21:21:39.770-05:00  INFO 33655 --- [larousse] [    Test worker] WireMock.wiremock                        : Using HTTP server impl: Jetty12HttpServer
2025-07-05T21:21:39.774-05:00  INFO 33655 --- [larousse] [    Test worker] org.eclipse.jetty.server.Server          : jetty-12.0.22; built: 2025-06-02T15:25:31.946Z; git: 335c9ab44a5591f0ea941bf350e139b8c4f5537c; jvm 21.0.7+6-LTS
2025-07-05T21:21:39.784-05:00  INFO 33655 --- [larousse] [    Test worker] o.e.jetty.server.handler.ContextHandler  : Started oeje10s.ServletContextHandler@753fd7a1{/__admin,/__admin,b=null,a=AVAILABLE,h=oeje10s.ServletHandler@12a2585b{STARTED}}
2025-07-05T21:21:39.785-05:00  WARN 33655 --- [larousse] [    Test worker] o.eclipse.jetty.util.DeprecationWarning  : Using @Deprecated Class org.eclipse.jetty.ee10.servlets.CrossOriginFilter
2025-07-05T21:21:39.787-05:00  INFO 33655 --- [larousse] [    Test worker] o.e.j.e.servlet.ServletContextHandler    : Started oeje10s.ServletContextHandler@753fd7a1{/__admin,/__admin,b=null,a=AVAILABLE,h=oeje10s.ServletHandler@12a2585b{STARTED}}
2025-07-05T21:21:39.789-05:00  INFO 33655 --- [larousse] [    Test worker] o.e.jetty.server.handler.ContextHandler  : Started oeje10s.ServletContextHandler@4130955c{ROOT,/,b=null,a=AVAILABLE,h=oeje10s.ServletHandler@2bfaba70{STARTED}}
2025-07-05T21:21:39.792-05:00  INFO 33655 --- [larousse] [    Test worker] o.e.j.s.handler.ContextHandler.ROOT      : RequestHandlerClass from context returned com.github.tomakehurst.wiremock.http.StubRequestHandler. Normalized mapped under returned 'null'
2025-07-05T21:21:39.792-05:00  INFO 33655 --- [larousse] [    Test worker] o.e.j.e.servlet.ServletContextHandler    : Started oeje10s.ServletContextHandler@4130955c{ROOT,/,b=null,a=AVAILABLE,h=oeje10s.ServletHandler@2bfaba70{STARTED}}
2025-07-05T21:21:39.796-05:00  INFO 33655 --- [larousse] [    Test worker] o.e.jetty.server.AbstractConnector       : Started NetworkTrafficServerConnector@1835dc92{HTTP/1.1, (http/1.1, h2c)}{0.0.0.0:42477}
2025-07-05T21:21:39.801-05:00  INFO 33655 --- [larousse] [    Test worker] org.eclipse.jetty.server.Server          : Started oejs.Server@1756f7cc{STARTING}[12.0.22,sto=1000] @1362ms
2025-07-05T21:21:39.801-05:00  INFO 33655 --- [larousse] [    Test worker] c.w.s.i.WireMockServerCreator wiremock   : Started WireMockServer with name 'wiremock':http://localhost:42477
2025-07-05T21:21:39.801-05:00  INFO 33655 --- [larousse] [    Test worker] org.wiremock.spring.internal.Store       : Resolving store from context: larousse
2025-07-05T21:21:39.802-05:00  INFO 33655 --- [larousse] [    Test worker] c.w.s.i.WireMockServerCreator wiremock   : Adding property 'wiremock.server.baseUrl=http://localhost:42477' with HTTP base URL to Spring application context
2025-07-05T21:21:39.804-05:00  INFO 33655 --- [larousse] [    Test worker] c.w.s.i.WireMockServerCreator wiremock   : Adding property 'wiremock.server.port=42477' with HTTP port to Spring application context
2025-07-05T21:21:39.815-05:00  INFO 33655 --- [larousse] [    Test worker] i.g.a.l.s.i.JsoupSearchRepositoryTest    : Starting JsoupSearchRepositoryTest using Java 21.0.7 with PID 33655 (started by aloussase in /home/aloussase/Code/larousse-api)
2025-07-05T21:21:39.816-05:00  INFO 33655 --- [larousse] [    Test worker] i.g.a.l.s.i.JsoupSearchRepositoryTest    : No active profile set, falling back to 1 default profile: "default"
2025-07-05T21:21:39.932-05:00  INFO 33655 --- [larousse] [    Test worker] i.g.a.l.s.i.JsoupSearchRepositoryTest    : Started JsoupSearchRepositoryTest in 0.783 seconds (process running for 1.493)
2025-07-05T21:21:39.945-05:00  INFO 33655 --- [larousse] [    Test worker] org.wiremock.spring.internal.Store       : Resolving store from context: larousse
2025-07-05T21:21:39.946-05:00  INFO 33655 --- [larousse] [    Test worker] org.wiremock.spring.internal.Store       : Resolving store from context: larousse
2025-07-05T21:21:39.947-05:00  INFO 33655 --- [larousse] [    Test worker] o.w.s.i.WireMockSpringJunitExtension     : Configuring WireMock for default instance, 'wiremock' on '42477'.
2025-07-05T21:21:40.639-05:00  INFO 33655 --- [larousse] [qtp103130367-41] o.e.j.s.handler.ContextHandler.___admin  : RequestHandlerClass from context returned com.github.tomakehurst.wiremock.http.AdminRequestHandler. Normalized mapped under returned 'null'
2025-07-05T21:21:40.653-05:00  INFO 33655 --- [larousse] [qtp103130367-41] WireMock.wiremock                        : Admin request received:
127.0.0.1 - POST /mappings

Content-Type: [application/json]
Host: [localhost:42477]
Content-Length: [78664]
Connection: [keep-alive]
User-Agent: [Apache-HttpClient/5.5 (Java/21.0.7)]
{
  "id" : "94158549-6ae3-453e-a8d2-5b9a1224db03",
  "request" : {
    "url" : "/chat",
    "method" : "GET"
  },
  "response" : {
    "status" : 200,
    "body" : "\n<!DOCTYPE html>\n<html lang=\"fr\" itemscope itemtype=\"http://schema.org/WebPage\">\n<!-- infos siteWeb: Larousse[.fr/.com] -->\n<!-- hostName: [https://www.larousse.fr], machineName: [HLAZPLARWFO03], dateTime: [06/07/2025 04:00:39] -->\n<script>\n    // Problème compatiblitiy [<head></head>] & [Modify by C#]\n    dataLayer = [{'lang':\"fr\", 'page_type':\"editorial\", 'page_category':\"langue francaise\", 'page_subcategory':\"dictionnaire de francais\"}, { advertisement: {env: 'production', brand: {name: 'Larousse', abbr: 'lar', domain: 'larousse.fr', subDomain: 'www', isPrisma: false}, page: {path: '/', contentObjectId: '', pageType: \"Article\", pageCategory: \"article-dictionnaires\", pageSubCategory: \"content\", title: \"\", author: \"\", keywords: \"\"}} }];      // (DataLayer GTM: Default + Prisma)\n</script>\n<head id=\"Head1\" prefix=\"og: http://ogp.me/ns# fb: http://ogp.me/ns/fb# article: http://ogp.me/ns/article#\"><meta charset=\"utf-8\" /><meta name=\"author\" content=\"Éditions Larousse\" /><meta name=\"tdm-reservation\" content=\"1\" /><meta name=\"viewport\" content=\"width=device-width, initial-scale=1\" http-equiv=\"Content-Type\" /><title>\n    Définitions : chat, chatte - Dictionnaire de français Larousse\n</title>\n\n    <!-- JQuery core JavaScript -->\n    <!-- ###################### -->\n    <!-- !!! import jquery in TOP Header !!! (JS default for all Library & *.aspx) -->\n    <!-- <script type=\"text/javascript\" src=\"/library-web/jquery/jquery-1.9.1.min.js\"></script> -->                 <!-- src=\"/library-web/jquery/jquery-1.9.1.js\" -->\n    <!-- CDN=[code.jquery.com]:jquery-3.6.0.min.js (!!! < jquery-3.0.0 = conflict slick >>> jquery-migrate !!!)-->\n    <script src=\"https://code.jquery.com/jquery-3.6.0.min.js\" integrity=\"sha256-/xUj+3OJU5yExlq6GSYGSHk7tPXikynS7ogEvDej/m4=\" crossorigin=\"anonymous\"></script>\n    <script src=\"https://code.jquery.com/jquery-migrate-3.3.2.min.js\" integrity=\"sha256-Ap4KLoCf1rXb52q+i3p0k2vjBsmownyBTE1EqlRiMwA=\" crossorigin=\"anonymous\"></script>\n\n    <!-- intégration[v.PROD/v.RECE]: régisPub + CNIL(v.OneTrust) -->\n    <!-- ####################################################### -->\n    <!-- JS-link larousse-CNIL pour gestion GTM (régisPub, GA, réseauxSociaux, ...) -->\n    <!-- -------------------------------------------------------------------------- -->\n    <script src=\"/library-web/larcom/cnil/htmlParser.js\"></script>\n    <script src=\"/library-web/larcom/cnil/postscribe.js\"></script>\n\n    <!-- Démarrage de notification de consentement aux cookies de OneTrust -->\n    <!-- ----------------------------------------------------------------- -->\n    <!-- Début de la mention OneTrust de consentement aux cookies du domaine : larousse.fr -->\n    <!-- call OneTrust [!!! v.PROD !!!]     =>  (data-domain-script=\"9225742f-0606-4a4c-b016-9e27bd32a7a1) -->\n    <script src=\"https://cdn.cookielaw.org/scripttemplates/otSDKStub.js\"  type=\"text/javascript\" charset=\"UTF-8\" data-domain-script=\"9225742f-0606-4a4c-b016-9e27bd32a7a1\"></script>\n    <!-- call OneTrust [!!! v.RECE/DEV !!!] =>  (data-domain-script=\"9225742f-0606-4a4c-b016-9e27bd32a7a1-test\") -->\n    <!-- <script src=\"https://cdn.cookielaw.org/scripttemplates/otSDKStub.js\" type=\"text/javascript\" charset=\"UTF-8\" data-domain-script=\"9225742f-0606-4a4c-b016-9e27bd32a7a1-test\"></script> -->\n    <!-- OneTrust OptanonWrapper() -->\n    <script type=\"text/javascript\">\n        function OptanonWrapper() {\n            if(!getCookieOT(\"OptanonAlertBoxClosed\")){\n                var newButton =  document.createElement(\"button\") // Create a button\n                newButton.setAttribute(\"id\", \"onetrust-reject-all-handler\") // Name the button + pick up style as per template\n                newButton.onclick = function(one){\n                    OneTrust.RejectAll();\n                }\n                newButton.innerText = Optanon.GetDomainData().BannerRejectAllButtonText;// Add text to button\n                document.getElementById(\"onetrust-policy\").prepend(newButton) // Place button\n            }\n        }\n        function getCookieOT(name) {\n            var value = \"; \" + document.cookie;\n            var parts = value.split(\"; \" + name + \"=\");\n            if (parts.length >= 2) return parts.pop().split(\";\").shift();\n        }\n    </script>\n    <!-- Fin de la mention OneTrust de consentement aux cookies du domaine : larousse.fr -->\n\n    <!-- ### dataLayer [GTM] stats Hachette #### -->\n    <!-- #######################################  -->\n    <script>\n        <!-- call GTM [v.PROD = GTM-TB2J4SG] / [v.RECE = GTM-W4VMQ8H] / [v.COM = GTM-WBCT33T] -->\n        (function(w,d,s,l,i){\n            w[l]=w[l]||[];w[l].push({'gtm.start': new Date().getTime(),event:'gtm.js'});\n            var f=d.getElementsByTagName(s)[0],j=d.createElement(s),dl=l!='dataLayer'?'&l='+l:'';\n            j.async=true;j.src='https://www.googletagmanager.com/gtm.js?id='+i+dl;\n            f.parentNode.insertBefore(j,f);\n        })(window, document, 'script', 'dataLayer', 'GTM-TB2J4SG');\n    </script>\n    <!-- End Google Tag Manager -->\n\n    <!-- Appel JavaScript-Vidéo [régisPub: VIOUSLY] -->\n    <!-- <script async id=\"xieg6Sie\" src=\"https://cdn.viously.com/js/sdk/boot.js\"></script>-->\n\n    <!-- CSS (bootstrap) -->\n    <!-- <link rel=\"stylesheet\" type=\"text/css\" href=\"/library-web/bootstrap/css/bootstrap.min.css\" /> -->          <!-- href=\"/library-web/bootstrap/css/bootstrap.css\" -->\n    <!-- CDN=[cdn.jsdelivr.net]: bootstrap@4.6.0 [CSS] -->\n    <!-- <link rel=\"stylesheet\" href=\"https://cdn.jsdelivr.net/npm/bootstrap@4.6.0/dist/css/bootstrap.min.css\" integrity=\"sha384-B0vP5xmATw1+K9KRQjQERJvTumQW0nPEzvF6L/Z6nronJ3oUOFUFpCjEUQouq2+l\" crossorigin=\"anonymous\" /> -->\n    <link rel=\"stylesheet\" href=\"https://stackpath.bootstrapcdn.com/bootstrap/3.4.1/css/bootstrap.min.css\" integrity=\"sha384-HSMxcRTRxnN+Bdg0JdbxYKrThecOKuH5zCYotlSAcp1+c8xmyTe9GYg1l9a69psu\" crossorigin=\"anonymous\" />\n    <!-- CSS (mdb) (!pb:navbar menuBurger & dropdown!)-->\n    <!-- <link rel=\"stylesheet\" type=\"text/css\" href=\"/library-web/mdb/css/mdb.min.css\" />-->                       <!-- href=\"/library-web/mdb/css/mdb.css\" -->\n    <!-- CSS (slick) -->\n    <!-- <link rel=\"stylesheet\" type=\"text/css\" href=\"/library-web/slick/slick.css\"\" /> -->                         <!-- href=\"./../assets/library/slick/slick.css\" -->\n    <!-- <link rel=\"stylesheet\" type=\"text/css\" href=\"/library-web/slick/slick-theme.css\" /> -->                     <!-- href=\"./../assets/library/slick/slick-theme.css\" -->\n    <link rel=\"stylesheet\" type=\"text/css\" href=\"/library-web/slick/slick.min.css\" />                                <!-- slick.min.css = [slick]+[slick-theme] (minifier) -->\n\n    <!-- CSS (font-awesome/fontello)-->\n    <!--<link rel=\"stylesheet\" type=\"text/css\" href=\"/library-web/larcom/masterpage/css/font-awesome.min.css\" />-->  <!-- unused font awesome -->\n    <link rel=\"stylesheet\" type=\"text/css\" href=\"/library-web/larcom/masterpage/css/font-collect.css\" />\n\n    <!-- CSS (larousse-masterpage)-->\n    <link rel=\"stylesheet\" type=\"text/css\" href=\"/library-web/larcom/masterpage/css/masterpage.css\" />               <!-- pb: header, wrapper, footer, lar-grid-, etc...-->\n\n    <!-- conflit CSS -->\n    <style>\n        /*conflit CSS (bootstrap - MDB)*/\n        .navbar{\n            box-shadow:none;\n        }\n        /* SLICK */\n        .slick-slide {\n            outline: none !important;\n        }\n    </style>\n\n\n\n\n\n\n    <link rel=\"shortcut icon\" href=\"/dictionnaires/assets/img/favicon.ico\" />\n\n\n\n\n\n\n\n    <!-- CSS (larousse-accueil)-->\n    <link rel=\"stylesheet\" href=\"/dictionnaires/assets/css/article-olf.202203021024.css\" />                           <!--href=\"./../assets/css/dictionnaires.css\"-->\n\n\n\n\n    <meta property=\"og:title\" content=\"Définitions : chat, chatte - Dictionnaire de français Larousse\" />\n    <meta itemprop=\"name\" content=\"Définitions : chat, chatte - Dictionnaire de français Larousse\" />\n    <meta name=\"description\" content=\"chat, chatte - Définitions Français : Retrouvez la d&eacute;finition de chat, chatte, ainsi que les synonymes, homonymes, expressions, citations... - synonymes, homonymes, difficultés, citations.\" />\n    <meta property=\"og:description\" content=\"chat, chatte - Définitions Français : Retrouvez la d&eacute;finition de chat, chatte, ainsi que les synonymes, homonymes, expressions, citations... - synonymes, homonymes, difficultés, citations.\" />\n    <meta itemprop=\"description\" content=\"chat, chatte - Définitions Français : Retrouvez la d&eacute;finition de chat, chatte, ainsi que les synonymes, homonymes, expressions, citations... - synonymes, homonymes, difficultés, citations.\" />\n    <link rel=\"canonical\" href=\"https://www.larousse.fr/dictionnaires/francais/chat/14892\" />\n    <meta property=\"og:url\" content=\"https://www.larousse.fr/dictionnaires/francais/chat/14892\" />\n    <meta itemprop=\"url\" content=\"https://www.larousse.fr/dictionnaires/francais/chat/14892\" />\n    <meta name=\"keywords\" content=\"chat,chatte\" />\n    <meta property=\"og:image\" content=\"https://www.larousse.fr/dictionnaires/assets/img/larousse.jpg\" />\n    <meta itemprop=\"image\" content=\"https://www.larousse.fr/dictionnaires/assets/img/larousse.jpg\" />\n    <meta name=\"robots\" content=\"index,follow\" />\n</head>\n\n<body>\n<!-- Google Tag Manager (noscript) -->\n<!-- call GTM [v.PROD = GTM-TB2J4SG] / [v.RECE = GTM-W4VMQ8H]  / [v.COM = GTM-WBCT33T]-->\n<noscript>\n    <iframe src=\"https://www.googletagmanager.com/ns.html?id=GTM-TB2J4SG\" height=\"0\" width=\"0\" style=\"display:none;visibility:hidden\"></iframe>\n</noscript>\n<!-- End Google Tag Manager (noscript) -->\n\n<div class=\"page\">\n    <!-- ####### HEADER ####### -->\n    <div class=\"header\">\n        <!-- NAVBAR: TOP LAROUSSE (Login, Social, Culture) -->\n        <!--------------------------------------------------->\n        <div class=\"navbar navbar-inverse navbar-default lar-navbar-top visible-lg\">    <!-- navbar-fixed-top  <<<>>> navbar-default -->\n            <div class=\"container\">\n                <div id=\"navtop\" class=\"navbar-collapse collapse\">\n                    <ul class=\"lar-culture nav navbar-nav navbar-right\">\n                        <li class=\"culture-en\">\n                            <a onclick=\"changeCulture('en')\">EN</a>          <!-- https://www.larousse.com/en/ -->\n                            <img src=\"/dictionnaires/assets/img/flag-en.png\" alt=\"image\" draggable=\"false\"/>\n                        </li>\n                        <li class=\"culture-es\">\n                            <a onclick=\"changeCulture('es')\">ES</a>          <!-- https://www.larousse.com/es/ -->\n                            <img src=\"/dictionnaires/assets/img/flag-es.png\" alt=\"image\" draggable=\"false\"/>\n                        </li>\n                        <li class=\"culture-de\">\n                            <a onclick=\"changeCulture('de')\">DE</a>          <!-- https://www.larousse.com/de/ -->\n                            <img src=\"/dictionnaires/assets/img/flag-de.png\" alt=\"image\" draggable=\"false\"/>\n                        </li>\n                        <li class=\"culture-it\">\n                            <a onclick=\"changeCulture('it')\">IT</a>          <!-- https://www.larousse.com/it/ -->\n                            <img src=\"/dictionnaires/assets/img/flag-it.png\" alt=\"image\" draggable=\"false\"/>\n                        </li>\n\n                    </ul>\n                    <ul class=\"lar-social nav navbar-nav navbar-right\">\n                        <li><a href=\"https://www.facebook.com/larousse.fr\" target=\"_blank\">&#xf09a;</a></li>\n                        <li><a href=\"https://twitter.com/larousse_fr\" target=\"_blank\">&#xf099;</a></li>\n                        <li><a href=\"https://www.instagram.com/editionslarousse/\" target=\"_blank\">&#xf16d;</a></li>\n                        <li><a href=\"https://fr.linkedin.com/company/larousse\" target=\"_blank\">&#xf0e1;</a></li>\n\n                    </ul>\n                    <ul class=\"lar-login nav navbar-nav navbar-right\">\n                        <li><div id=\"auth-widget-topbar\"></div></li>                   <!-- POOOL  connexion (subscription) -->\n                        <li><a href=\"https://www.editions-larousse.fr/newsletter\">Newsletter</a></li>\n                    </ul>\n                </div>\n            </div>\n        </div>\n        <!-- NAVBAR: SEARCH (Labelle, saisie Recherche -->\n        <!----------------------------------------------->\n        <div class=\"lar-searchbar visible-lg\">\n            <a class=\"bt-home\"  href=\"/\">LAROUSSE</a>\n            <div class=\"zone-search\">\n                <input type=\"search\" class=\"lar-searchtxt\" onkeydown=\"inputKeydownHeader(false,'\\\\dictionnaires\\\\francais\\\\')\" placeholder=\"Rechercher dans le dictionnaire...\"/>\n                <button class=\"lar-searchbt\"  onclick=\"onSearchHeader(false,'\\\\dictionnaires\\\\francais\\\\');\">&#xe81e;</button>\n            </div>\n        </div>\n        <!-- NAVBAR: MENU (nav module: encyclo, dicos, cuisine, etc...) -->\n        <!---------------------------------------------------------------->\n        <div class=\"navbar navbar-default lar-navbar-menu\">\n            <div class=\"container\">\n                <div class=\"navbar-header\">\n                    <button type=\"button\" class=\"navbar-toggle\" data-toggle=\"collapse\" data-target=\"#navmenu\">\n                        <span class=\"sr-only\">Toggle navigation</span>\n                        <span class=\"icon-bar\"></span>\n                        <span class=\"icon-bar\"></span>\n                        <span class=\"icon-bar\"></span>\n                    </button>\n                    <div class=\"lar-searchbar search-toggle hidden-lg\">\n                        <div><a class=\"bt-home\" href=\"/\">LAROUSSE</a></div>\n                        <span><button class=\"lar-switchbt lar-openbt\" onclick=\"openSearch()\">&#xe81e;</button></span>\n                        <span><button class=\"lar-switchbt lar-closebt\" onclick=\"closeSearch()\">&#xe833;</button></span>\n                        <div class=\"switch-search\">\n                            <input type=\"search\" class=\"lar-searchtxt\" onkeydown=\"inputKeydownHeader(true,'\\\\dictionnaires\\\\francais\\\\')\" placeholder=\"Rechercher dans le dictionnaire...\"/>\n                            <button class=\"lar-searchbt\" onclick=\"onSearchHeader(true,'\\\\dictionnaires\\\\francais\\\\');\">&#xe81e;</button>\n                        </div>\n                    </div>\n                </div>\n\n                <div id=\"navmenu\" class=\"navbar-collapse collapse\">\n                    <ul class=\"lar-menu nav navbar-nav navbar-left\">\n                        <li id=\"olf\"><a href=\"/dictionnaires/francais\"><span class=\"icon-menu dropdown-submenu hidden-lg\">&#xe80a;</span>LANGUE FRANÇAISE</a></li>\n                        <li id=\"bil\"><a href=\"/dictionnaires/bilingues\"><span class=\"icon-menu hidden-lg\">&#xe804;</span>DICTIONNAIRES BILINGUES</a></li>\n                        <li id=\"traductor\"><a href=\"/traducteur\"><span class=\"icon-menu hidden-lg\">&#xe822;</span>TRADUCTEUR</a></li>\n                        <li id=\"conj\"><a href=\"/conjugaison\"><span class=\"icon-menu hidden-lg\">&#xe805;</span>CONJUGATEUR</a></li>\n                        <li id=\"encyclo\"><a href=\"/encyclopedie\"><span class=\"icon-menu hidden-lg\">&#xe819;</span>ENCYCLOPÉDIE</a></li>\n                        <li id=\"cook\"><a href=\"https://www.editions-larousse.fr/recettes/\"><span class=\"icon-menu hidden-lg\">&#xe809;</span>CUISINE</a></li>\n                        <li id=\"forum\"><a href=\"/forums\"><span class=\"icon-menu hidden-lg\">&#xe811;</span>FORUM</a></li>\n                        <li id=\"jeux\"><a href=\"https://jeux.larousse.fr\"><span class=\"icon-menu hidden-lg\">&#xe812;</span>JEUX</a></li>\n\n                        <li id=\"books\"><a href=\"https://www.editions-larousse.fr\"><span class=\"icon-menu hidden-lg\">&#xe815;</span>LIVRES</a></li>\n                    </ul>\n                    <ul class=\"lar-login  hidden-lg\">\n                        <li><div id=\"auth-widget-menuburger\"></div></li>                   <!-- POOOL  connexion (subscription) -->\n                        <li><a href=\"https://www.editions-larousse.fr/newsletter\">Newsletter</a></li>\n                    </ul>\n                    <ul class=\"lar-social  hidden-lg\">\n                        <li style=\"width:100%\">\n                            <span>Suivez nous:</span>\n                            <a href=\"https://www.facebook.com/larousse.fr\">&#xf09a;</a>\n                            <a href=\"https://twitter.com/larousse_fr\">&#xf099;</a>\n                            <a href=\"https://www.instagram.com/editionslarousse/\">&#xf16d;</a>\n                            <a href=\"https://fr.linkedin.com/company/larousse\">&#xf0e1;</a>\n\n                        </li>\n                    </ul>\n                    <ul class=\"lar-culture  hidden-lg\">\n                        <li style=\"width:100%\">\n                            <a href=\"https://www.larousse.com/en/\"  asp-action=\"culture_en\">EN</a>\n                            <a href=\"https://www.larousse.com/es/\"  asp-action=\"culture_es\">ES</a>\n                            <a href=\"https://www.larousse.com/de/\"  asp-action=\"culture_de\">DE</a>\n                            <a href=\"https://www.larousse.com/it/\"  asp-action=\"culture_it\">IT</a>\n\n                        </li>\n                    </ul>\n                </div>\n            </div>\n        </div>\n    </div>\n    <!-- BANIERE(730 x 90) PUB TOP -->\n    <div class=\"pub-top oast\">\n\n    </div>\n    <!--FIL ARIANE -->\n    <div class=\"breadcrumb\">\n        <div><a href=\"https://www.larousse.fr\">Accueil</a>  ><a href=\"/dictionnaires/francais\"><b>Langue française</b></a> > <a href=\"/dictionnaires/francais-monolingue\"><b>Dictionnaire</b></a> > <b>chat</b></div>\n    </div>\n    <!-- ####### HEADER ####### -->\n\n    <!-- ### Zone POOOL WIDGET ### -->\n    <div id=\"poool-widget\">\n        <!-- votre paywall sera affiché ici -->\n    </div>\n\n\n\n\n\n\n\n\n\n\n    <!--FIL ARIANE [OLF] -->\n    <div class=\"olf-breadcrumb\">\n        <a href=\"https://www.larousse.fr\">Accueil</a>  &gt; <a href=\"/dictionnaires/francais\"><b>langue française</b></a> &gt; <a href=\"/dictionnaires/francais-monolingue\"><b>dictionnaire</b></a> &gt; <b><a href=\"#14765\">chat n.m.</a></b> - <b><a href=\"#14766\">chatte n.f.</a></b> - <b><a href=\"#14767\">chat adj.</a></b>\n    </div>\n    <!-- ##################### -->\n    <!-- ## WRAPPER-CONTENT ## -->\n    <!-- ##################### -->\n    <div class=\"wrapper\">\n\n        <div class=\"row\">\n            <div class=\"col-md-8\">\n\n                <!-- PANEL HEADER(Section[Fix&float]) + ARTICLE [EXPRESSION]-->\n                <div class=\"header-article\">\n                    <nav class=\"section\">\n                        <ul>\n                            <li class=\"sel\"><a href=\"#definition\">Définitions</a></li>\n                            <li><a href=\"#locution\">Expressions</a></li>\n                            <li><a href=\"#homonyme\">Homonymes</a></li>\n                            <li><a href=\"#citation\">Citations</a></li>\n                        </ul>\n                    </nav>\n                </div>\n                <div id=\"floatNav\" class=\"navbox-fixed\">\n                    <ul class=\"nav-menu\">\n                        <li><a href=\"#definition\">DÉFINITIONS</a></li>\n                        <li><a href=\"#locution\">EXPRESSIONS</a></li>\n                        <li><a href=\"#homonyme\">HOMONYMES</a></li>\n                        <li><a href=\"#citation\">CITATIONS</a></li>\n                    </ul>\n                    <div class=\"nav-btn nav-open\" onclick=\"openNavMenu();\">+\n                    </div>\n                    <div class=\"nav-btn nav-close\" onclick=\"closeNavMenu();\">&#xe833;\n                    </div>\n                </div>\n                <div id=\"definition\">\n                    <article class=\"BlocDefinition content\" role=\"article\">\n                        <div class=\"Zone-Entree1 header-article\" id=\"14765\">\n                            <h2 class=\"AdresseDefinition\"><span class=\"linkaudio fontello\" onclick=\"onSpeaker('16023A')\">&#xe82c;</span>\n                                <audio id=\"16023A\" src=\"/dictionnaires-prononciation/francais/tts/16023A\" type=\"audio/mp3\"></audio>chat</h2>\n                            <p class=\"CatgramDefinition\">nom masculin</p>\n                            <p class=\"OrigineDefinition\">(bas latin <i>cattus</i>)</p>\n                        </div>\n                        <ul class=\"Definitions\">\n                            <li class=\"DivisionDefinition\"><span class=\"numDef\">1.</span> Mammifère carnivore (félidé), sauvage ou domestique, au museau court et arrondi.\n                                <p class=\"LibelleSynonyme\">Synonymes :</p>\n                                <p class=\"Synonymes\">greffier <span class=\"indicateurDefinition\">(populaire)</span> - <span class=\"Renvois\"><a class=\"lienarticle\" href=\"/dictionnaires/francais/matou/49891\">matou</a></span> - <span class=\"Renvois\"><a class=\"lienarticle\" href=\"/dictionnaires/francais/minet/51584\">minet</a></span> - mistigri <span class=\"indicateurDefinition\">(familier)</span></p></li>\n                            <li class=\"DivisionDefinition\"><span class=\"numDef\">2.</span> <span class=\"indicateurDefinition\">Familier. </span>Terme d'affection, de tendresse adressé à quelqu'un.</li>\n                            <li class=\"DivisionDefinition\"><span class=\"numDef\">3.</span> Jeu d'enfants dans lequel un des joueurs, le chat, poursuit les autres et tente de les toucher.</li>\n                            <li class=\"DivisionDefinition\">\n                                <p class=\"RubriqueDefinition\">Zoologie</p><span class=\"numDef\">4.</span> Nom commun à divers poissons, dits aussi poissons-chats. (&#x2192;&nbsp;<span class=\"Renvois\"><a class=\"lienarticle\" href=\"/dictionnaires/francais/silure/72772\">silure</a></span>.)</li>\n                        </ul>\n                        <div class=\"Zone-Entree header-article\" id=\"14766\">\n                            <h2 class=\"AdresseDefinition\"><span class=\"linkaudio fontello\" onclick=\"onSpeaker('48851fra2')\">&#xe82c;</span>\n                                <audio id=\"48851fra2\" src=\"/dictionnaires-prononciation/francais/tts/48851fra2\" type=\"audio/mp3\"></audio>chatte</h2>\n                            <p class=\"CatgramDefinition\">nom féminin</p>\n                        </div>\n                        <ul class=\"Definitions\">\n                            <li class=\"DivisionDefinition\"><span class=\"numDef\">1.</span> Femelle du chat.</li>\n                            <li class=\"DivisionDefinition\"><span class=\"numDef\">2.</span> <span class=\"indicateurDefinition\">Familier. </span>Terme d'affection adressé à une femme.</li>\n                            <li class=\"DivisionDefinition\"><span class=\"numDef\">3.</span> <span class=\"indicateurDefinition\">Populaire. </span>Sexe de la femme.</li>\n                        </ul>\n                        <div class=\"Zone-Entree header-article\" id=\"14767\">\n                            <h2 class=\"AdresseDefinition\"><span class=\"linkaudio fontello\" onclick=\"onSpeaker('23546fra2')\">&#xe82c;</span>\n                                <audio id=\"23546fra2\" src=\"/dictionnaires-prononciation/francais/tts/23546fra2\" type=\"audio/mp3\"></audio>chat, chatte</h2>\n                            <p class=\"CatgramDefinition\">adjectif</p>\n                        </div>\n                        <ul class=\"Definitions\">\n                            <li class=\"DivisionDefinition\">Qui est doux, caressant, souvent avec une nuance d'hypocrisie.</li>\n                        </ul>\n                    </article>\n                </div>\n\n                <!-- BANIERE(730 x 90) PUB MIDDLE1 -->\n                <div class=\"pub-gtm gtm_olf1\">\n\n                </div>\n            </div>\n            <div class=\"col-md-4\">\n                <aside class=\"zone-listresult\">\n                    <div class=\"banner-title\">\n                        <hr class=\"line-left\" />\n                        <span class=\"homebox-title\">VOUS CHERCHEZ PEUT-ÊTRE</span>\n                        <hr class=\"line-right\" />\n                    </div>\n                    <div class=\"hb-listresult\">\n                        <nav class=\"search\" role=\"contentinfo\"><div class=\"wrapper-search\"><section class=\"sel-section\"><article class=\" sel\" ><div class=\"item-result\"><a href=\"\">chat n.m. </a></div><p class=\"def\">Mammifère carnivore (félidé), sauvage ou domestique, au museau court...</p></article><article class=\" sous-article\" ><div class=\"item-result\"><a href=\"#14766\">chatte n.f. </a></div><p class=\"def\">Femelle du chat.</p></article><article class=\" sous-article\" ><div class=\"item-result\"><a href=\"#14767\">chat adj. </a></div><p class=\"def\">Qui est doux, caressant, souvent avec une nuance d'hypocrisie.</p></article><article class=\" sous-article\" ><div class=\"item-result\"><a href=\"#11080590\">Acheter chat en poche</a></div></article><article class=\" sous-article\" ><div class=\"item-result\"><a href=\"#152476\">Appeler un chat un chat</a></div></article><article class=\" sous-article\" ><div class=\"item-result\"><a href=\"#152478\">Avoir des yeux de chat</a></div></article><article class=\" sous-article\" ><div class=\"item-result\"><a href=\"#152477\">Avoir un chat dans la gorge</a></div></article><article class=\" sous-article\" ><div class=\"item-result\"><a href=\"#152479\">Chat à neuf queues</a></div></article><article class=\" sous-article\" ><div class=\"item-result\"><a href=\"#152488\">Chat ��pineux</a></div></article><article class=\" sous-article\" ><div class=\"item-result\"><a href=\"#11041832\">Chat sauvage</a></div></article><article class=\" sous-article\" ><div class=\"item-result\"><a href=\"#152480\">Donner sa langue au chat</a></div></article><article class=\" sous-article\" ><div class=\"item-result\"><a href=\"#152481\">Écrire comme un chat</a></div></article><article class=\" sous-article\" ><div class=\"item-result\"><a href=\"#152482\">Jouer au chat et à la souris</a></div></article><article class=\" sous-article\" ><div class=\"item-result\"><a href=\"#152487\">Maladie des griffes du chat</a></div></article><article class=\" sous-article\" ><div class=\"item-result\"><a href=\"#152486\">Maladie du cri du chat</a></div></article><article class=\" sous-article\" ><div class=\"item-result\"><a href=\"#152483\">Pas un chat</a></div></article><article class=\" sous-article\" ><div class=\"item-result\"><a href=\"#152485\">Saut ou pas de chat</a></div></article><article class=\" sous-article\" ><div class=\"item-result\"><a href=\"#152484\">Toilette de chat</a></div></article></section><article class=\"\" ><div class=\"item-result\"><a href=\"/dictionnaires/francais/chat/14895\">chat n.m. </a></div><p class=\"def\">Échange synchrone et interactif de messages textuels...</p></article><article class=\"\" ><div class=\"item-result\"><a href=\"/dictionnaires/francais/chat_sacr%C3%A9_de_Birmanie/9548\">Birmanie (chat sacré de). </a></div><p class=\"def\">Race de chat à poil long, à la robe crème doré, aux...</p></article><article class=\"\" ><div class=\"item-result\"><a href=\"/dictionnaires/francais/chat-huant/14912\">chat-huant n.m. </a></div><p class=\"def\">Autre nom de la hulotte.</p></article><article class=\" itemHidden\" ><div class=\"item-result\"><a href=\"/dictionnaires/francais/chat-pard/14929\">chat-pard n.m. </a></div><p class=\"def\">Autre nom du serval.</p></article><article class=\" itemHidden\" ><div class=\"item-result\"><a href=\"/dictionnaires/francais/chat-tigre/14939\">chat-tigre n.m. </a></div><p class=\"def\">Chat sauvage au pelage tigré d'Amérique du Sud.</p></article><article class=\" itemHidden\" ><div class=\"item-result\"><a href=\"/dictionnaires/francais/chat_de_l_%C3%AEle_de_Man/49018\">Man (chat de l'île de). </a></div><p class=\"def\">Race de chat sans queue, originaire de l'île de Man.</p></article><article class=\" itemHidden\" ><div class=\"item-result\"><a href=\"/dictionnaires/francais/poisson-chat/62068\">poisson-chat n.m. </a></div><p class=\"def\">Poisson d'eau douce originaire d'Amérique du Nord, à longs barbillons...</p></article><article class=\" itemHidden\" ><div class=\"item-result\"><a href=\"/dictionnaires/francais/langue-de-chat/46183\">langue-de-chat n.f. </a></div><p class=\"def\">Petit gâteau sec en forme de languette arrondie.</p></article><article class=\" itemHidden\" ><div class=\"item-result\"><a href=\"/dictionnaires/francais/%C5%93il-de-chat/55648\">&oelig;il-de-chat n.m. </a></div><p class=\"def\">Minéral riche en inclusions fibreuses orientées et dont le poli...</p></article><div class=\"banner-title itemHidden\"><hr class=\"line-left\"/><span class=\"homebox-title\">autres résultats</span><hr class=\"line-right\"/></div><article class=\" itemHidden\" ><div class=\"item-result\"><a href=\"/dictionnaires/francais/boyau/10824#160572\">Boyau de chat</a></div></article><article class=\" itemHidden\" ><div class=\"item-result\"><a href=\"/dictionnaires/francais/abyssin/325#177368\">Chat abyssin ou abyssin (nom masculin)</a></div></article><article class=\" itemHidden\" ><div class=\"item-result\"><a href=\"/dictionnaires/francais/goutti%C3%A8re/37688#156373\">Chat de gouttière</a></div></article><article class=\" itemHidden\" ><div class=\"item-result\"><a href=\"/dictionnaires/francais/europ%C3%A9en/31729#155220\">Chat européen ou européen (nom masculin)</a></div></article><article class=\" itemHidden\" ><div class=\"item-result\"><a href=\"/dictionnaires/francais/haret/39093#172814\">Chat haret</a></div></article><article class=\" itemHidden\" ><div class=\"item-result\"><a href=\"/dictionnaires/francais/persan/59770#318081\">Chat persan ou persan (nom masculin)</a></div></article><article class=\" itemHidden\" ><div class=\"item-result\"><a href=\"/dictionnaires/francais/co%C3%BBter/20015#10962783\">Coûter le lard du chat</a></div></article><article class=\" itemHidden\" ><div class=\"item-result\"><a href=\"/dictionnaires/francais/chien/15295#152801\">Être comme chien et chat</a></div></article><article class=\" itemHidden\" ><div class=\"item-result\"><a href=\"/dictionnaires/francais/fouetter/34755#155570\">Il n'y a pas de quoi fouetter un chat</a></div></article><article class=\" itemHidden\" ><div class=\"item-result\"><a href=\"/dictionnaires/francais/leucop%C3%A9nie/46832#180751\">Leucopénie infectieuse du chat</a></div></article><article class=\" itemHidden\" ><div class=\"item-result\"><a href=\"/dictionnaires/francais/pipi/61083#164360\">Pipi de chat</a></div></article><article class=\" itemHidden\" ><div class=\"item-result\"><a href=\"/dictionnaires/francais/typhus/80378#184320\">Typhus du chat</a></div></article></div></nav>\n                        <div id=\"cphContent_LarousseRWDMaster_cphContent_DictionnairesMasterPage_btExpand\" class=\"btPlus\" onclick=\"onExpandResult()\">Voir<span class=\"iconPlus\">plus</span></div>\n                    </div>\n                </aside>\n                <!-- PUB PAVE -->\n                <div class=\"pub-pave oasm\"></div>\n            </div>\n        </div>\n\n        <div class=\"row\">\n            <div class=\"col-md-8\">\n                <!-- PANEL ARTICLE [EXPRESSION]-->\n                <div id=\"locution\">\n                    <div id=\"locution\">\n                        <article class=\"BlocLocutions content\" role=\"article\"><span class=\"icon-section fontello\">&#xe827;</span>\n                            <h1 class=\"TitrePage\">Expressions<span class=\"ComplementTitre\"> avec chat</span></h1>\n                            <div class=\"Zone-Entree header-article\">\n                                <h2 class=\"AdresseDefinition\"><span class=\"linkaudio fontello\" onclick=\"onSpeaker('16023A')\">&#xe82c;</span>\n                                    <audio id=\"16023A\" src=\"/dictionnaires-prononciation/francais/tts/16023A\" type=\"audio/mp3\"></audio>chat</h2>\n                                <p class=\"CatgramDefinition\">nom masculin</p>\n                            </div>\n                            <ul class=\"ListeLocutions\">\n                                <li class=\"Locution\" id=\"11080590\">\n                                    <h2 class=\"AdresseLocution\"><span class=\"IndicateurLocution\">Vieilli. </span>Acheter chat en poche, </h2><span class=\"TexteLocution\">acheter sans regarder la marchandise. (En Belgique, on dit couramment <span class=\"RemarqueDefinition\"><i>acheter un chat dans un sac</i></span>.)</span></li>\n                                <li class=\"Locution\" id=\"152476\">\n                                    <h2 class=\"AdresseLocution\">Appeler un chat un chat, </h2><span class=\"TexteLocution\">dire les choses telles qu'elles sont ; parler franchement.</span></li>\n                                <li class=\"Locution\" id=\"152478\">\n                                    <h2 class=\"AdresseLocution\">Avoir des yeux de chat, </h2><span class=\"TexteLocution\">voir dans l'obscurité ou avoir des yeux aux couleurs changeantes.</span></li>\n                                <li class=\"Locution\" id=\"152477\">\n                                    <h2 class=\"AdresseLocution\">Avoir un chat dans la gorge, </h2><span class=\"TexteLocution\">éprouver dans le gosier un embarras soudain ; être enroué.</span></li>\n                                <li class=\"Locution\" id=\"152479\">\n                                    <h2 class=\"AdresseLocution\">Chat à neuf queues, </h2><span class=\"TexteLocution\">fouet à neuf lanières, garnies de pointes de fer, utilisé autrefois dans l'armée et la marine anglaises.</span></li>\n                                <li class=\"Locution\" id=\"152488\">\n                                    <h2 class=\"AdresseLocution\">Chat épineux, </h2><span class=\"TexteLocution\">nom usuel du coendou.</span></li>\n                                <li class=\"Locution\" id=\"152480\">\n                                    <h2 class=\"AdresseLocution\">Donner sa langue au chat, </h2><span class=\"TexteLocution\">avouer que l'on ne saurait deviner.</span></li>\n                                <li class=\"Locution\" id=\"152481\">\n                                    <h2 class=\"AdresseLocution\">Écrire comme un chat, </h2><span class=\"TexteLocution\">écrire d'une manière illisible.</span></li>\n                                <li class=\"Locution\" id=\"152482\">\n                                    <h2 class=\"AdresseLocution\">Jouer au chat et à la souris, </h2><span class=\"TexteLocution\">se dit de deux personnes dont l'une cherche vainement à joindre l'autre, qui lui échappe sans cesse.</span></li>\n                                <li class=\"Locution\" id=\"152483\">\n                                    <h2 class=\"AdresseLocution\"><span class=\"IndicateurLocution\">Familier. </span>Pas un chat, </h2><span class=\"TexteLocution\">personne&nbsp;: <span class=\"ExempleDefinition\">On ne rencontre pas un chat dans la rue.</span></span></li>\n                                <li class=\"Locution\" id=\"152484\">\n                                    <h2 class=\"AdresseLocution\">Toilette de chat, </h2><span class=\"TexteLocution\">toilette rapide et sommaire.</span></li>\n                                <li class=\"Locution\" id=\"152485\">\n                                    <p class=\"RubriqueDefinition\">Chorégraphie</p>\n                                    <h2 class=\"AdresseLocution\">Saut<span class=\"DefautLocution\"> ou </span>pas de chat, </h2><span class=\"TexteLocution\">bond latéral, généralement exécuté en série, au cours duquel les jambes s'écartent tout en se repliant.</span></li>\n                                <li class=\"Locution\" id=\"152487\">\n                                    <p class=\"RubriqueDefinition\">Pathologie</p>\n                                    <h2 class=\"AdresseLocution\">Maladie des griffes du chat, </h2><span class=\"TexteLocution\">synonyme de lymphoréticulose bénigne d'inoculation.\n\t\t\t\t<p class=\"LibelleSynonyme\">Synonyme :</p>\n\t\t\t\t<p class=\"Synonymes\">lymphoréticulose bénigne d'inoculation.</p></span></li>\n                                <li class=\"Locution\" id=\"152486\">\n                                    <h2 class=\"AdresseLocution\">Maladie du cri du chat, </h2><span class=\"TexteLocution\">maladie congénitale due à la délétion du bras court du chromosome 5. (Elle se manifeste chez le jeune enfant par un cri comparable au miaulement du chat et par des troubles mentaux profonds, souvent associés à des malformations.)</span></li>\n                                <li class=\"Locution\" id=\"11041832\">\n                                    <p class=\"RubriqueDefinition\">Zoologie</p>\n                                    <h2 class=\"AdresseLocution\">Chat sauvage, </h2><span class=\"TexteLocution\">au Québec, nom familier du raton-laveur.</span></li>\n                            </ul>\n                        </article>\n                    </div>\n                </div>\n\n                <div id=\"andrea_media1\"></div>\n                <!-- PANEL ARTICLE [SYNONIME]-->\n                <div id=\"synonyme\">\n\n                </div>\n                <!-- PANEL ARTICLE [HOMONYME]-->\n                <div id=\"homonyme\">\n                    <div id=\"homonyme\">\n                        <article class=\"Blochomonymes content\" role=\"article\"><span class=\"icon-section fontello\">&#xe81f;</span>\n                            <h1 class=\"TitrePage\">Homonymes<span class=\"ComplementTitre\"> de chat</span></h1>\n                            <br>\n                            <ul class=\"HomonymeDirects\">\n                                <li class=\"Homonyme\"><span class=\"Renvois\"><a class=\"lienarticle\" href=\"/dictionnaires/francais/chah/14428\"><b>chah</b></a></span> <span class=\"CatGramHomonyme\">nom masculin</span></li>\n                                <li class=\"Homonyme\"><span class=\"Renvois\"><a class=\"lienarticle\" href=\"/dictionnaires/francais/chas/14847\"><b>chas</b></a></span> <span class=\"CatGramHomonyme\">nom masculin</span></li>\n                                <li class=\"Homonyme\"><b>shah</b> <span class=\"CatGramHomonyme\">nom masculin</span></li>\n                            </ul>\n                        </article>\n                    </div>\n                </div>\n\n                <!-- BANIERE(730 x 90) PUB MIDDLE1 -->\n                <div class=\"pub-gtm gtm_olf2\">\n\n                </div>\n\n                <!-- PANEL ARTICLE [DIFFICULTE]-->\n                <div id=\"difficulte\">\n\n                </div>\n                <!-- PANEL ARTICLE [CITATION]-->\n                <div id=\"citation\">\n                    <div id=\"citation\"><div class=\"BlocCitations content\"><br><span class=\"icon-section fontello\">&#xe818;</span>\n                        <h1 class=\"TitrePage\">Citations<span class=\"ComplementTitre\"> avec chat<cg></cg></span></h1><br>\n                        <ul class=\"ListeCitations\">\n                            <li id=\"5000649\" class=\"Citation\"><span class=\"AuteurCitation\"><a class=\"lienCitationEncyclo\" href=\"/encyclopedie/personnage/Charles_Baudelaire/107873\">Charles <span class=\"AdresseCitation\">Baudelaire</span></a></span><span class=\"InfoAuteurCitation\"> (Paris 1821-Paris 1867)</span><br><span class=\"TexteCitation\">Amis de la science et de la volupté,<br> Ils cherchent le silence et l'horreur des ténèbres.</span><br><span class=\"InfoCitation\"><span class=\"ReferenceCitation\">Les Fleurs du Mal</span>, les Chats </span><br></li>\n\n\n                            <li id=\"5001076\" class=\"Citation\"><span class=\"AuteurCitation\"><a class=\"lienCitationEncyclo\" href=\"/encyclopedie/personnage/Nicolas_Boileau/109308\">Nicolas <span class=\"AdresseCitation\">Boileau</span> dit <span class=\"NomCitation\">Boileau-Despréaux</span></a></span><span class=\"InfoAuteurCitation\"> (Paris 1636-Paris 1711)</span><br><span class=\"TexteCitation\">J'appelle un chat un chat, et Rolet un fripon.</span><br><span class=\"InfoCitation\"><span class=\"ReferenceCitation\">Satires</span> </span><br></li>\n\n\n                            <li id=\"5002263\" class=\"Citation\"><span class=\"AuteurCitation\"><a class=\"lienCitationEncyclo\" href=\"/encyclopedie/litterature/Eustache_Morel_dit_Deschamps/172828\">Eustache <span class=\"NomCitation\">Morel</span>, dit <span class=\"AdresseCitation\">Deschamps</span></a></span><span class=\"InfoAuteurCitation\"> (Vertus, Marne, 1346-vers 1407)</span><br><span class=\"TexteCitation\">Qui pendra la sonnette au chat ?</span><br><span class=\"InfoCitation\"><span class=\"ReferenceCitation\">Ballades de moralité</span> </span><br><p><span class=\"TitreCommentaireCitation\">Commentaire</span><br><span class=\"CommentaireCitation\">Question posée par les rats après avoir unanimement décidé que le chat serait pourvu dorénavant d'un système avertisseur.</span></p></li>\n\n\n                            <li id=\"5003941\" class=\"Citation\"><span class=\"AuteurCitation\"><a class=\"lienCitationEncyclo\" href=\"/encyclopedie/personnage/Jean_de_La_Fontaine/128410\">Jean de <span class=\"AdresseCitation\">La Fontaine</span></a></span><span class=\"InfoAuteurCitation\"> (Château-Thierry 1621-Paris 1695)</span><br><span class=\"TexteCitation\">La difficulté fut d'attacher le grelot.</span><br><span class=\"InfoCitation\"><span class=\"ReferenceCitation\">Fables</span>, Conseil tenu par les rats </span><br></li>\n\n\n                            <li id=\"5003930\" class=\"Citation\"><span class=\"AuteurCitation\"><a class=\"lienCitationEncyclo\" href=\"/encyclopedie/personnage/Jean_de_La_Fontaine/128410\">Jean de <span class=\"AdresseCitation\">La Fontaine</span></a></span><span class=\"InfoAuteurCitation\"> (Château-Thierry 1621-Paris 1695)</span><br><span class=\"TexteCitation\">C'était un chat vivant comme un dévot ermite,<br> Un chat faisant la chattemite, <br> Un saint homme de chat, bien fourré, gros et gras,<br> Arbitre expert sur tous les cas.</span><br><span class=\"InfoCitation\"><span class=\"ReferenceCitation\">Fables</span>, le Chat, la Belette et le Petit Lapin </span><br></li>\n\n\n                            <li id=\"5003928\" class=\"Citation\"><span class=\"AuteurCitation\"><a class=\"lienCitationEncyclo\" href=\"/encyclopedie/personnage/Jean_de_La_Fontaine/128410\">Jean de <span class=\"AdresseCitation\">La Fontaine</span></a></span><span class=\"InfoAuteurCitation\"> (Château-Thierry 1621-Paris 1695)</span><br><span class=\"TexteCitation\">Ce bloc enfariné ne me dit rien qui vaille,<br> S'écria-t-<span class=\"ExpressionCitation\">il<span class=\"ast\">*</span></span> de loin au général des chats.</span><br><span class=\"InfoCitation\"><span class=\"ReferenceCitation\">Fables</span>, le Chat et un vieux rat</span><br><span class=\"SensExpressionCitation\"><span class=\"ast\">*</span>un rat méfiant</span><br></li>\n\n\n                            <li id=\"5004997\" class=\"Citation\"><span class=\"AuteurCitation\"><a class=\"lienCitationEncyclo\" href=\"/encyclopedie/litterature/Henri_Michaux/175317\">Henri <span class=\"AdresseCitation\">Michaux</span></a></span><span class=\"InfoAuteurCitation\"> (Namur 1899-Paris 1984)</span><br><span class=\"TexteCitation\">Il n'y a pas de preuve que la puce, qui vit sur la souris, craigne le chat.</span><br><span class=\"InfoCitation\"><span class=\"ReferenceCitation\">Tranches de savoir</span>, Cercle des Arts</span><br></li>\n\n\n                            <li id=\"5005095\" class=\"Citation\"><span class=\"AuteurCitation\"><a class=\"lienCitationEncyclo\" href=\"/encyclopedie/personnage/Jean-Baptiste_Poquelin_dit_Moli%C3%A8re/133609\">Jean-Baptiste <span class=\"NomCitation\">Poquelin</span>, dit <span class=\"AdresseCitation\">Molière</span></a></span><span class=\"InfoAuteurCitation\"> (Paris 1622-Paris 1673)</span><br><span class=\"TexteCitation\">Le petit chat est mort.</span><br><span class=\"InfoCitation\"><span class=\"ReferenceCitation\">L'École des femmes</span>, II, 5, Agnès </span><br></li>\n\n\n                            <li id=\"5005273\" class=\"Citation\"><span class=\"AuteurCitation\"><a class=\"lienCitationEncyclo\" href=\"/encyclopedie/personnage/Michel_Eyquem_de_Montaigne/126738\">Michel <span class=\"NomCitation\">Eyquem </span>de <span class=\"AdresseCitation\">Montaigne</span></a></span><span class=\"InfoAuteurCitation\"> (château de Montaigne, aujourd'hui commune de Saint-Michel-de-Montaigne, Dordogne, 1533-château de Montaigne, aujourd'hui commune de Saint-Michel-de-Montaigne, Dordogne, 1592)</span><br><span class=\"TexteCitation\">Quand je me joue <span class=\"ExpressionCitation\">à<span class=\"ast\">*</span></span> ma chatte, qui sait si elle passe son temps de moi, plus que je ne fais d'elle.</span><br><span class=\"InfoCitation\"><span class=\"ReferenceCitation\">Essais</span>, II, 12</span><br><span class=\"SensExpressionCitation\"><span class=\"ast\">*</span>avec</span><br></li>\n\n\n                            <li id=\"5006492\" class=\"Citation\"><span class=\"AuteurCitation\"><a class=\"lienCitationEncyclo\" href=\"/encyclopedie/litterature/Antoine_Rivaroli_dit_le_Comte_de_Rivarol/176513\">Antoine <span class=\"NomCitation\">Rivaroli</span>, dit <b>le Comte de</b> <span class=\"AdresseCitation\">Rivarol</span></a></span><span class=\"InfoAuteurCitation\"> (Bagnols-sur-Cèze 1753-Berlin 1801)</span><br><span class=\"TexteCitation\">Le chat ne nous caresse pas, il se caresse à nous.</span><br><span class=\"InfoCitation\"><span class=\"ReferenceCitation\">Esprit de Rivarol</span> </span><br></li>\n\n\n\n                        </ul>\n                    </div></div>\n                </div>\n\n\n\n\n\n\n                <div id=\"taboola-below-article-thumbnails\"></div>\n\n                <!-- PANEL MOTS PROCHES-->\n                <section class=\"words-nearby\"><h2>Mots proches</h2><div class=\"slider-nearWords slider\"><div class=\"item-word sel\">chat, chatte<div class=\"separator\">-</div></div><div class=\"item-word\"><a href=\"/dictionnaires/francais/chat/14895\">chat</a><div class=\"separator\">-</div></div><div class=\"item-word\"><a href=\"/dictionnaires/francais/ch%C3%A2taigne/14896\">châtaigne</a><div class=\"separator\">-</div></div><div class=\"item-word\"><a href=\"/dictionnaires/francais/ch%C3%A2taigneraie/14897\">châtaigneraie</a><div class=\"separator\">-</div></div><div class=\"item-word\"><a href=\"/dictionnaires/francais/ch%C3%A2taignier/14898\">châtaignier</a><div class=\"separator\">-</div></div><div class=\"item-word\"><a href=\"/dictionnaires/francais/ch%C3%A2tain/14899\">châtain</a><div class=\"separator\">-</div></div><div class=\"item-word\"><a href=\"/dictionnaires/francais/chassoir/14886\">chassoir</a><div class=\"separator\">-</div></div><div class=\"item-word\"><a href=\"/dictionnaires/francais/chaste/14887\">chaste</a><div class=\"separator\">-</div></div><div class=\"item-word\"><a href=\"/dictionnaires/francais/chastement/14889\">chastement</a><div class=\"separator\">-</div></div><div class=\"item-word\"><a href=\"/dictionnaires/francais/chastet%C3%A9/14890\">chasteté</a><div class=\"separator\">-</div></div><div class=\"item-word\"><a href=\"/dictionnaires/francais/chasuble/14891\">chasuble</a><div class=\"separator\">-</div></div></div></section>\n\n                <!-- PANEL LINK-SOE -->\n                <div class=\"panel-linkseo\">\n                    <!-- TITLE -->\n\n\n                    <!-- TITLE -->\n                    <div class=\"banner-title\">\n                        <hr class=\"line-left\" />\n                        <span class=\"fontello\" ></span>\n                        <hr class=\"line-right\" />\n                        <p class=\"panel-title\"></p>\n                    </div>\n                    <!-- HOMEBOX LINK-SEO -->\n                    <div class=\"BlocLinkSEO\">\n\n                        <p class=\"titreSEO\">À DÉCOUVRIR DANS L'ENCYCLOPÉDIE</p>\n                        <ul>\n                            <li><a href=\"/encyclopedie/medical/absorption_intestinale/10867\"><span class=\"itemtop\"><b>absorption intestinale</b><b>.</b> <small>[MÉDECINE]</small></span></a></li>\n                            <li><a href=\"/encyclopedie/autre-region/Ardenne/106031\"><span class=\"itemtop\"><b>Ardenne</b><b>.</b></span></a></li>\n                            <li><a href=\"/encyclopedie/divers/art_pari%C3%A9tal/77042\"><span class=\"itemtop\"><b>art pariétal.</b></span></a></li>\n                            <li><a href=\"/encyclopedie/divers/Ave_Caesar_morituri_te_salutant/106865\"><span class=\"itemtop\"><b>Ave, Caesar, morituri te salutant</b><b>.</b></span></a></li>\n                            <li><a href=\"/encyclopedie/divers/Code_civil/34224\"><span class=\"itemtop\"><b>Code civil.</b></span></a></li>\n                            <li><a href=\"/encyclopedie/ville/Constantinople/114504\"><span class=\"itemtop\"><b>Constantinople</b><b>.</b></span></a></li>\n                            <li><a href=\"/encyclopedie/vie-sauvage/criquet_p%C3%A9lerin/184047\"><span class=\"itemtop\"><b>criquet pélerin</b><b>.</b> <small>[FAUNE]</small></span></a></li>\n                            <li><a href=\"/encyclopedie/vie-sauvage/daim/184829\"><span class=\"itemtop\"><b>daim</b><b>.</b> <small>[FAUNE]</small></span></a></li>\n                            <li><a href=\"/encyclopedie/divers/g%C3%A9ologie/186131\"><span class=\"itemtop\"><b>géologie.</b> <small>[DOSSIER]</small>.</span></a></li>\n                            <li><a href=\"/encyclopedie/medical/hernie_de_la_paroi_abdominale/13555\"><span class=\"itemtop\"><b>hernie de la paroi abdominale</b><b>.</b> <small>[MÉDECINE]</small></span></a></li>\n                            <li><a href=\"/encyclopedie/pays/Lituanie/130097\"><span class=\"itemtop\"><b>Lituanie</b><b>.</b></span></a></li>\n                            <li><a href=\"/encyclopedie/vie-sauvage/manchot/178190\"><span class=\"itemtop\"><b>manchot</b><b>.</b> <small>[FAUNE]</small></span></a></li>\n                            <li><a href=\"/encyclopedie/divers/M%C3%A9sopotamie/184335\"><span class=\"itemtop\"><b>Mésopotamie</b><b>.</b> <small>[DOSSIER]</small>.</span></a></li>\n                            <li><a href=\"/encyclopedie/personnage/Friedrich_Nietzsche/135272\"><span class=\"itemtop\"><b>Nietzsche</b><b>.</b> Friedrich <b>Nietzsche</b><b>.</b></span></a></li>\n                            <li><a href=\"/encyclopedie/autre-region/Prusse/139737\"><span class=\"itemtop\"><b>Prusse</b><b>.</b></span></a></li>\n                            <li><a href=\"/encyclopedie/medical/r%C3%A9duction/15789\"><span class=\"itemtop\"><b>réduction</b><b>.</b> <small>[MÉDECINE]</small></span></a></li>\n                        </ul>\n                    </div>\n\n                </div>\n\n                <!-- PANEL FORUMS -->\n\n            </div>\n            <div class=\"col-md-4\">\n\n                <aside id=\"cphContent_LarousseRWDMaster_cphContent_DictionnairesMasterPage_zoneLinkEncyclo\" class=\"zone-link-encyclo\">\n                    <div class=\"banner-title\">\n                        <hr class=\"line-left\" />\n                        <span class=\"homebox-title\">DANS L'ENCYCLOPEDIE</span>\n                        <hr class=\"line-right\" />\n                    </div>\n                    <div class=\"hb-link-encyclo\">\n\n                        <article><a href=\"/encyclopedie/divers/chat/185548\"><div class=\"item-encyclo-visuel\"><span class=\"bkg\"></span><img class=\"img-responsive\" src=\"/encyclopedie/data/vignettes/1310591.jpg\" title=\"Chat American shorthair\" alt=\"Chat American shorthair\" /></div><div class=\"item-encyclo-def\"><h4><B>chat.</B> </h4><p>Petit félin au museau court et arrondi, aux griffes rétractiles...</p></div></a></article><article><a href=\"/encyclopedie/divers/sant%C3%A9_du_chat/185550\"><div class=\"item-encyclo-visuel\"><span class=\"bkg\"></span><img class=\"img-responsive\" src=\"/encyclopedie/data/vignettes/1311993.jpg\" title=\"Vétérinaire auscultant un chat\" alt=\"Vétérinaire auscultant un chat\" /></div><div class=\"item-encyclo-def\"><h4><B>chat</B> (santé du). </h4><p>Le chat adopte devant la maladie un comportement différent de...</p></div></a></article><article><a href=\"/encyclopedie/divers/races_de_chat/185549\"><div class=\"item-encyclo-visuel\"><span class=\"bkg\"></span><img class=\"img-responsive\" src=\"/encyclopedie/data/vignettes/1000932.jpg\" title=\"Squelette et morphologie du chat\" alt=\"Squelette et morphologie du chat\" /></div><div class=\"item-encyclo-def\"><h4><B>chat</B> (races de). </h4><p>Les chats ne présentent pas une aussi grande diversité morphologique...</p></div></a></article><article><a href=\"/encyclopedie/vie-sauvage/chat_sauvage/184031\"><div class=\"item-encyclo-visuel\"><span class=\"bkg\"></span><img class=\"img-responsive\" src=\"/encyclopedie/data/vignettes/1309557.jpg\" title=\"Chat sauvage\" alt=\"Chat sauvage\" /></div><div class=\"item-encyclo-def\"><h4><B>chat sauvage.</B> <SMALL>[FAUNE]</SMALL> </h4><p>La discrétion de ce beau félin nocturne est peut-être une...</p></div></a></article>\n\n                    </div>\n                </aside>\n                <!-- HOMEBOX COURS-GUIDE -->\n\n\n                <div class=\"zone-tools\">\n\n                    <div class=\"banner-title\">\n                        <hr class=\"line-left\" />\n                        <span class=\"homebox-title font-montserra\">OUTILS</span>\n                        <hr class=\"line-right\" />\n                    </div>\n\n\n\n                    <div id=\"cphContent_LarousseRWDMaster_cphContent_DictionnairesMasterPage_HB_Tools_appMobile\" class=\"app-mobile\">\n                        <a href=\"/contenu/applications/dictionnaire_francais\" >\n                            <img class=\"img-responsive\" style=\"margin:auto;\" src=\"/dictionnaires/assets/img/encart_pub_dicofr.jpg\" />\n                        </a>\n\n                    </div>\n\n                    <div class=\"box-access\">\n\n                        <div id=\"cphContent_LarousseRWDMaster_cphContent_DictionnairesMasterPage_HB_Tools_itemConj\">\n                            <a class=\"go-line\" href=\"https://www.larousse.fr/conjugaison\" >\n                                <div class=\"icon\">&#xe823;</div>\n                                <div class=\"name\">CONJUGATEUR</div>\n                                <div class=\"arrow\">&#xe807;</div>\n                            </a>\n                            <hr />\n                        </div>\n\n\n                        <div id=\"cphContent_LarousseRWDMaster_cphContent_DictionnairesMasterPage_HB_Tools_itemJeux\">\n                            <a class=\"go-line\" href=\"https://jeux.larousse.fr\" >\n                                <div class=\"icon\">&#xe812;</div>\n                                <div class=\"name\">JEUX</div>\n                                <div class=\"arrow\">&#xe807;</div>\n                            </a>\n                            <hr />\n                        </div>\n                    </div>\n                    <div id=\"cphContent_LarousseRWDMaster_cphContent_DictionnairesMasterPage_HB_Tools_itemCours\" class=\"box-access\">\n                        <div id=\"cphContent_LarousseRWDMaster_cphContent_DictionnairesMasterPage_HB_Tools_itemCoursFR1\">\n                            <a class=\"item-cours\" href=\"https://www.larousse.fr/cours-francais\" >\n                                <img class=\"img-responsive\" src=\"\\dictionnaires\\assets\\img\\banner-cfr.png\" />\n                            </a>\n                            <hr />\n                        </div>\n                        <div id=\"cphContent_LarousseRWDMaster_cphContent_DictionnairesMasterPage_HB_Tools_itemCoursFR2\">\n                            <a class=\"item-cours go-line\" href=\"https://cours-francais.larousse.fr\" >\n                                <img class=\"img-responsive\" src=\"\\dictionnaires\\assets\\img\\flag-fr.png\" />\n                                <div class=\"name\">COURS DE FRANÇAIS</div>\n                                <div class=\"arrow\">&#xe807;</div>\n                            </a>\n                            <hr />\n                        </div>\n\n\n\n                    </div>\n                </div>\n                <!-- pub Native -->\n                <!-- HOMEBOX TRADUCTION (noLink Metadatas => noDisplay (SEO)) -->\n                <!--\n\n<div>\n\n\n\n    <div class=\"traduction-zone-selector\">\n        <div class=\"banner-title\">\n            <p class=\"homebox-title\">VOIR LA TRADUCTION</p>\n            <hr />\n        </div>\n        <div id=\"cphContent_LarousseRWDMaster_cphContent_DictionnairesMasterPage_HB_Traduction_FR_TRAD\" class=\"traduction-lang-selector\">\n            <div class=\"vl\"></div>\n            <div class=\"\">\n                <div id=\"cphContent_LarousseRWDMaster_cphContent_DictionnairesMasterPage_HB_Traduction_TRAD_FR_EN\" class=\"traduction-lang-item l-lang\">\n                    <a href=\"/dictionnaires/francais-anglais/chat\">\n                        <div class=\"waves-light\"><img src=\"/dictionnaires/assets/img/flag-en.png\" /></div>\n                        <p>Anglais</p>\n                    </a>\n                </div>\n                <div id=\"cphContent_LarousseRWDMaster_cphContent_DictionnairesMasterPage_HB_Traduction_TRAD_FR_IT\" class=\"traduction-lang-item r-lang\">\n                    <a href=\"/dictionnaires/francais-italien/chat\">\n                        <div class=\"waves-light\"><img src=\"/dictionnaires/assets/img/flag-it.png\" /></div>\n                        <p>Italien</p>\n                    </a>\n                </div>\n            </div>\n            <div class=\"\">\n                <div id=\"cphContent_LarousseRWDMaster_cphContent_DictionnairesMasterPage_HB_Traduction_TRAD_FR_DE\" class=\"traduction-lang-item l-lang\">\n                    <a href=\"/dictionnaires/francais-allemand/chat\">\n                        <div class=\"waves-light\"><img src=\"/dictionnaires/assets/img/flag-de.png\" /></div>\n                        <p>Allemand</p>\n                    </a>\n                </div>\n                <div id=\"cphContent_LarousseRWDMaster_cphContent_DictionnairesMasterPage_HB_Traduction_TRAD_FR_ES\" class=\"traduction-lang-item r-lang\">\n                    <a href=\"/dictionnaires/francais-espagnol/chat\">\n                        <div class=\"waves-light\"><img src=\"/dictionnaires/assets/img/flag-es.png\" /></div>\n                        <p>Espagnol</p>\n                    </a>\n                </div>\n            </div>\n            <div class=\"\">\n                <div id=\"cphContent_LarousseRWDMaster_cphContent_DictionnairesMasterPage_HB_Traduction_TRAD_FR_CN\" class=\"traduction-lang-item l-lang\">\n                    <a href=\"/dictionnaires/francais-chinois/chat\">\n                        <div class=\"waves-light\"><img src=\"/dictionnaires/assets/img/flag-cn.png\" /></div>\n                        <p>Chinois</p>\n                    </a>\n                </div>\n                <div id=\"cphContent_LarousseRWDMaster_cphContent_DictionnairesMasterPage_HB_Traduction_TRAD_FR_AR\" class=\"traduction-lang-item r-lang\">\n                    <a href=\"/dictionnaires/francais-arabe/chat\">\n                        <div class=\"waves-light\"><img src=\"/dictionnaires/assets/img/flag-ar.png\" /></div>\n                        <p>Arabe</p>\n                    </a>\n                </div>\n           </div>\n        </div>\n\n\n\n\n\n\n\n\n    </div>\n\n</div> -->\n                <!-- PUB PAVE 2 -->\n                <div class=\"pub-pave oasm2\"></div>\n                <!-- HOMEBOX QUIZZ -->\n                <div class=\"hb-right-quizz\">\n                    <div class=\"banner-title\">\n                        <hr class=\"line-left\" />\n                        <span class=\"homebox-title\">QUIZ</span>\n                        <hr class=\"line-right\" />\n                    </div>\n\n\n\n\n\n                    <!-- CSS (no-include MasterPage) -->\n                    <link rel=\"stylesheet\" type=\"text/css\" href=\"/library-web/larcom/quizz/css/style-quizz.css\" media=\"screen\" />\n\n                    <div class=\"zone-quizz\">\n                        <article id=\"Layout\" onload=\"activeItem_qcu();\">\n\n                            <section class=\"article-quizz\">\n                                <div class=\"groupe-consigne-quizz\">\n                                    <p class=\"consigne-quizz\">Comment s'accorde l'adjectif «&nbsp;chic&nbsp;»&nbsp;?</p>\n                                </div>\n                                <ul class=\"liste-choix-unique\">\n                                    <li class=\"item-choix-unique\">\n                                        <ul class=\"liste-options\" data-reponse=\"2\" id=\"question1\">\n                                            <li class=\"item-options\">\n                                                <input class=\"radiobutton\" type=\"radio\" name=\"question1\"  value=\"1\"  id=\"question-5619\" />\n                                                <label class=\"radiobutton-label\"  for=\"question-5619\">en genre mais pas en nombre</label>\n                                            </li>\n                                            <li class=\"item-options\">\n                                                <input class=\"radiobutton\" type=\"radio\" name=\"question1\"  value=\"2\"  id=\"question-5620\" />\n                                                <label class=\"radiobutton-label\"  for=\"question-5620\">en nombre mais pas en genre</label>\n                                            </li>\n                                            <li class=\"item-options\">\n                                                <input class=\"radiobutton\" type=\"radio\" name=\"question1\"  value=\"3\"  id=\"question-5621\" />\n                                                <label class=\"radiobutton-label\"  for=\"question-5621\">en genre et en nombre</label>\n                                            </li>\n                                        </ul></li>\n                                </ul>\n                            </section>\n\n\n                        </article>\n                        <div>\n                            <section class=\"boutons-interactivite\" id=\"QCU\"></section>\n                        </div>\n                    </div>\n\n                    <!-- JS (no-include MasterPage) -->\n                    <script src=\"/library-web/larcom/quizz/js/libs/exercise-manager_bootstrap.js\"></script>\n                    <script src=\"/library-web/larcom/quizz/js/typos/qcu-manager.js\"></script>\n\n                </div>\n                <div class=\"BeOpinionWidget\"></div>\n                <div class=\"pub-pave oasm4\"></div>\n            </div>\n        </div>\n\n        <div class=\"row\">\n            <div class=\"col-md-8\">\n\n                <div class=\"col-md-4\">\n                    <!-- RIEN -->\n                </div>\n            </div>\n\n        </div>\n\n        <!-- JS (slick) !!! pb link jquery masterpage !!!-->\n        <!-- <script type=\"text/javascript\" src=\"./../assets/library/slick/slick.js\"></script> -->\n        <!-- JS (soundmanager2) -->\n        <!-- <script type=\"text/javascript\" src=\"/library-web/larcom/sound/soundmanager2-nodebug.js\"></script> -->     <!-- soundmanager2 -->\n        <!-- JS (dictionnaires) !!! pb link jquery masterpage !!!-->\n        <script type=\"text/javascript\" src=\"/dictionnaires/assets/js/dictionnaires.202110181218.js\"></script>     <!-- src=\"../assets/js/dictionnaires.js\" -->\n\n\n\n\n\n\n\n        <!-- BANIERE(730 x 90) PUB BOTTOM -->\n        <div class=\"pub-bottom oasb\">\n\n        </div>\n\n        <!-- ## SOCIAL PANEL ## -->\n        <!-- ################## -->\n\n\n        <!-- ####### FOOTER ####### -->\n        <div class=\"footer\">\n            <span class=\"footer-left\">\n                <a href=\"/contenu/applications/applications_mobiles\">Applications mobiles</a>\n                <a href=\"/index\">Index</a>\n\n                <a href=\"/infos/credits\">Mentions légales et crédits</a>\n                <a href=\"/infos/cgu\">CGU</a>\n                <a href=\"/infos/cgv\">CGV</a>\n                <a href=\"/infos/confidentialite\">Charte de confidentialité</a>\n\n\n                <a class=\"optanon-show-settings\">Cookies</a>\n\n                <a href=\"/infos/contact\">Contact</a>\n            </span>\n            <span class=\"footer-right\">\n                <span>&copy; Larousse</span>\n\n            </span>\n        </div>\n        <!-- ####### FOOTER ####### -->\n\n    </div>\n</body>\n\n<!-- JS Bootstrap core JavaScript -->\n<!-- <script type=\"text/javascript\" src=\"/library-web/bootstrap/js/bootstrap.min.js\"></script> -->  <!-- src=\"/library-web/bootstrap/js/bootstrap.js\" -->\n<!-- CDN=[cdn.jsdelivr.net]: bootstrap@4.6.0 [JS] -->\n<!-- <script src=\"https://cdn.jsdelivr.net/npm/bootstrap@4.6.0/dist/js/bootstrap.bundle.min.js\" integrity=\"sha384-Piv4xVNRyMGpqkS2by6br4gNJ7DXjqk09RmUpJ8jgGtD7zP9yug3goQfGII0yAns\" crossorigin=\"anonymous\"></script> -->\n<script src=\"https://stackpath.bootstrapcdn.com/bootstrap/3.4.1/js/bootstrap.min.js\" integrity=\"sha384-aJ21OjlMXNL5UyIl/XNwTMqvzeRMZH2w8c5cRVpzpU8Y5bApTppSuUkhZXN0VxHd\" crossorigin=\"anonymous\"></script>\n<!-- JS MDB core JavaScript -->\n<!-- <script type=\"text/javascript\" src=\"/library-web/mdb/js/mdb.min.js\"></script> -->              <!-- src=\"/library-web/mdb/js/mdb.js\" -->\n<!-- JS SLICK core JavaScript -->\n<script type=\"text/javascript\" src=\"/library-web/slick/slick.min.js\"></script>                      <!-- src=\"/library-web/slick/slick.js\" -->\n\n\n<!-- RegisPUB & [OneTrust] (Params, Habillage(body,oast,oasm,...)) -->\n<!-- ############################################################# -->\n<!-- [OneTrust] CATEGORY-1: Cookies strictement nécessaires -->\n<script type=\"text/plain\" class=\"optanon-category-1\">\n    //alert(\"CATEGORY-1: OK \\nCookies strictement nécessaires\");\n    //alert(\"OnetrustActiveGroups: [\" + OnetrustActiveGroups +\"]\");\n    //\n    // Set cookie [show payWall] (default value)\n    //alert(\"optanon(CAT-1|START) : spwpoool_ = true (default value)\");\n    setCookie('spwpoool_', 'true', 1);\n</script>\n<!-- [OneTrust] CATEGORY-2: Cookies de performance -->\n<script type=\"text/plain\" class=\"optanon-category-2\">\n    //alert(\"CATEGORY-2: OK \\nCookies de performance \");\n    //alert(\"OnetrustActiveGroups: [\" + OnetrustActiveGroups +\"]\");\n    //\n    //googleAnalytics();\n    //alert(\"googleAnalytics(): OK\");\n</script>\n<!-- [OneTrust] CATEGORY-3: Cookies de fonctionnalité -->\n<script type=\"text/plain\" class=\"optanon-category-3\">\n    //alert(\"CATEGORY-3: OK \\nCookies de fonctionnalité\");\n    //alert(\"OnetrustActiveGroups: [\" + OnetrustActiveGroups +\"]\");\n    //\n</script>\n<!-- [OneTrust] CATEGORY-4: Cookies pour une publicité ciblée -->\n<script type=\"text/plain\" class=\"optanon-category-4\">\n    //alert(\"CATEGORY-4: OK \\nCookies pour une publicité ciblée\");\n    //alert(\"OnetrustActiveGroups: [\" + OnetrustActiveGroups +\"]\");\n    //\n    //alert(\"optanon(CAT-4|PUB) : Consent[OK]\");\n    setCookie('laruserconsent_', 'true', 1);\n    //alert(\"setCookie : laruserconsent_[true]\");\n    disablePaywall();\n    initFirstID();\n    //\n    //initSAStrigger();   // regispub: trigger Pub (body, etc...) via smartadserver\n    //ads();              // regispub: themoneytizer\n    //AdsEx();            // regispub: quantx(elasticad), Teads\n    //alert(\"ads()-quantxAds(): OK\");\n</script>\n<!-- [OneTrust] CATEGORY-8: Cookies « réseaux sociaux » -->\n<script type=\"text/plain\" class=\"optanon-category-8\">\n    //alert(\"CATEGORY-8: OK \\nCookies réseaux sociaux\");\n    //alert(\"OnetrustActiveGroups: [\" + OnetrustActiveGroups +\"]\");\n    //\n    //twitter();      // Box Twitter\n    //facebook();     // Box facebook\n    //googleplus();   // Box Google Plus\n    //alert(\"twitter()-facebook()-googleplus(): OK\");\n</script>\n<!-- ########## FIN CNIL(RGPD) ##########  -->\n\n<!-- POOOL [payWall & subscription] (access.js & subscribe.js) -->\n<!-- ######################################################### -->\n<!-- -------------- intégration [audit.js] ----------------- -->\n\n<!-- -------------- intégration [access.js] ----------------- -->\n<script id=\"poool-access\" src=\"https://assets.poool.fr/access.min.js\" async></script>\n<script>\n    var access = null;\n    const script_access = document.getElementById('poool-access');\n    script_access.addEventListener('load', function () {\n        //\n        var spwpoool_ = getCookie('spwpoool_');\n        if(window.location.toString().indexOf(\"/infos/\") > 0) spwpoool_ = false;    // Paywall & pageInfos(footer)\n        //\n        if (spwpoool_ == null || spwpoool_ == 'true') {\n            //alert(\"spwpoool_[\" + spwpoool_+\"]: \\n   - createPaywall \\n   - poool-widget=show() + wrapper=blur(3) \\n   - event(Poool+oneTrust)\");\n            access = Access.init('ILD4S-2S1MH-UGZ3J-1SEEH');\n            access.createPaywall({\n                target: '#poool-widget',\n                content: '[data-poool]',\n                mode: 'excerpt',\n                percent: 80,\n                pageType: 'premium',\n            });\n            // Hide <#poool-widget>\n            $(\"#poool-widget\").show();\n            // wrapper -> blur(3) >>> flou\n            $('.wrapper').css({\n                'filter'         : 'blur(3px)',\n                '-webkit-filter' : 'blur(3px)',\n                '-moz-filter'    : 'blur(3px)',\n                '-o-filter'      : 'blur(3px)',\n                '-ms-filter'     : 'blur(3px)'\n            });\n\n            // event back consent\n            access.on('consent', function () {\n                //alert(\"access.on('consent')\");\n\n                // change Consent (accept All Cookie)\n                /////////////////////////////////////\n                //OneTrust.AllowAll();              // => [OK]\n\n                // Display Banner OneTrust (!niveau 2:setting!)\n                ///////////////////////////////////////////////\n                OneTrust.ToggleInfoDisplay();       // => [OK]\n                OneTrust.OnConsentChanged(function () {\n                    //alert(\"OneTrust.OnConsentChanged => Value: [\" + OnetrustActiveGroups + \"]\");\n                    if (OnetrustActiveGroups.match(/,4,/) != null) {\n                        // consentement oneTrust: [OK]  (OnetrustActiveGroups == 4)\n                        setCookie('laruserconsent_', 'true', 1);\n                        //alert(\"setCookie : laruserconsent_[true]\");\n                        // gestion First-ID\n                        initFirstID();\n                    }else{\n                        // consentement oneTrust: [KO]  (OnetrustActiveGroups != 4)\n                        // (ré)activation paywall POOOL\n                        access.createPaywall({\n                            target: '#poool-widget',\n                            content: '[data-poool]',\n                            mode: 'excerpt',\n                            percent: 80,\n                            pageType: 'premium',\n                        });\n                    }\n   
[...]
light\"><img src=\"/dictionnaires/assets/img/flag-de.png\" /></div>\n                        <p>Allemand</p>\n                    </a>\n                </div>\n                <div id=\"cphContent_LarousseRWDMaster_cphContent_DictionnairesMasterPage_HB_Traduction_TRAD_FR_ES\" class=\"traduction-lang-item r-lang\">\n                    <a href=\"/dictionnaires/francais-espagnol/chat\">\n                        <div class=\"waves-light\"><img src=\"/dictionnaires/assets/img/flag-es.png\" /></div>\n                        <p>Espagnol</p>\n                    </a>\n                </div>\n            </div>\n            <div class=\"\">\n                <div id=\"cphContent_LarousseRWDMaster_cphContent_DictionnairesMasterPage_HB_Traduction_TRAD_FR_CN\" class=\"traduction-lang-item l-lang\">\n                    <a href=\"/dictionnaires/francais-chinois/chat\">\n                        <div class=\"waves-light\"><img src=\"/dictionnaires/assets/img/flag-cn.png\" /></div>\n                        <p>Chinois</p>\n                    </a>\n                </div>\n                <div id=\"cphContent_LarousseRWDMaster_cphContent_DictionnairesMasterPage_HB_Traduction_TRAD_FR_AR\" class=\"traduction-lang-item r-lang\">\n                    <a href=\"/dictionnaires/francais-arabe/chat\">\n                        <div class=\"waves-light\"><img src=\"/dictionnaires/assets/img/flag-ar.png\" /></div>\n                        <p>Arabe</p>\n                    </a>\n                </div>\n           </div>\n        </div>\n\n\n\n\n\n\n\n\n    </div>\n\n</div> -->\n                <!-- PUB PAVE 2 -->\n                <div class=\"pub-pave oasm2\"></div>\n                <!-- HOMEBOX QUIZZ -->\n                <div class=\"hb-right-quizz\">\n                    <div class=\"banner-title\">\n                        <hr class=\"line-left\" />\n                        <span class=\"homebox-title\">QUIZ</span>\n                        <hr class=\"line-right\" />\n                    </div>\n\n\n\n\n\n                    <!-- CSS (no-include MasterPage) -->\n                    <link rel=\"stylesheet\" type=\"text/css\" href=\"/library-web/larcom/quizz/css/style-quizz.css\" media=\"screen\" />\n\n                    <div class=\"zone-quizz\">\n                        <article id=\"Layout\" onload=\"activeItem_qcu();\">\n\n                            <section class=\"article-quizz\">\n                                <div class=\"groupe-consigne-quizz\">\n                                    <p class=\"consigne-quizz\">Comment s'accorde l'adjectif «&nbsp;chic&nbsp;»&nbsp;?</p>\n                                </div>\n                                <ul class=\"liste-choix-unique\">\n                                    <li class=\"item-choix-unique\">\n                                        <ul class=\"liste-options\" data-reponse=\"2\" id=\"question1\">\n                                            <li class=\"item-options\">\n                                                <input class=\"radiobutton\" type=\"radio\" name=\"question1\"  value=\"1\"  id=\"question-5619\" />\n                                                <label class=\"radiobutton-label\"  for=\"question-5619\">en genre mais pas en nombre</label>\n                                            </li>\n                                            <li class=\"item-options\">\n                                                <input class=\"radiobutton\" type=\"radio\" name=\"question1\"  value=\"2\"  id=\"question-5620\" />\n                                                <label class=\"radiobutton-label\"  for=\"question-5620\">en nombre mais pas en genre</label>\n                                            </li>\n                                            <li class=\"item-options\">\n                                                <input class=\"radiobutton\" type=\"radio\" name=\"question1\"  value=\"3\"  id=\"question-5621\" />\n                                                <label class=\"radiobutton-label\"  for=\"question-5621\">en genre et en nombre</label>\n                                            </li>\n                                        </ul></li>\n                                </ul>\n                            </section>\n\n\n                        </article>\n                        <div>\n                            <section class=\"boutons-interactivite\" id=\"QCU\"></section>\n                        </div>\n                    </div>\n\n                    <!-- JS (no-include MasterPage) -->\n                    <script src=\"/library-web/larcom/quizz/js/libs/exercise-manager_bootstrap.js\"></script>\n                    <script src=\"/library-web/larcom/quizz/js/typos/qcu-manager.js\"></script>\n\n                </div>\n                <div class=\"BeOpinionWidget\"></div>\n                <div class=\"pub-pave oasm4\"></div>\n            </div>\n        </div>\n\n        <div class=\"row\">\n            <div class=\"col-md-8\">\n\n                <div class=\"col-md-4\">\n                    <!-- RIEN -->\n                </div>\n            </div>\n\n        </div>\n\n        <!-- JS (slick) !!! pb link jquery masterpage !!!-->\n        <!-- <script type=\"text/javascript\" src=\"./../assets/library/slick/slick.js\"></script> -->\n        <!-- JS (soundmanager2) -->\n        <!-- <script type=\"text/javascript\" src=\"/library-web/larcom/sound/soundmanager2-nodebug.js\"></script> -->     <!-- soundmanager2 -->\n        <!-- JS (dictionnaires) !!! pb link jquery masterpage !!!-->\n        <script type=\"text/javascript\" src=\"/dictionnaires/assets/js/dictionnaires.202110181218.js\"></script>     <!-- src=\"../assets/js/dictionnaires.js\" -->\n\n\n\n\n\n\n\n        <!-- BANIERE(730 x 90) PUB BOTTOM -->\n        <div class=\"pub-bottom oasb\">\n\n        </div>\n\n        <!-- ## SOCIAL PANEL ## -->\n        <!-- ################## -->\n\n\n        <!-- ####### FOOTER ####### -->\n        <div class=\"footer\">\n            <span class=\"footer-left\">\n                <a href=\"/contenu/applications/applications_mobiles\">Applications mobiles</a>\n                <a href=\"/index\">Index</a>\n\n                <a href=\"/infos/credits\">Mentions légales et crédits</a>\n                <a href=\"/infos/cgu\">CGU</a>\n                <a href=\"/infos/cgv\">CGV</a>\n                <a href=\"/infos/confidentialite\">Charte de confidentialité</a>\n\n\n                <a class=\"optanon-show-settings\">Cookies</a>\n\n                <a href=\"/infos/contact\">Contact</a>\n            </span>\n            <span class=\"footer-right\">\n                <span>&copy; Larousse</span>\n\n            </span>\n        </div>\n        <!-- ####### FOOTER ####### -->\n\n    </div>\n</body>\n\n<!-- JS Bootstrap core JavaScript -->\n<!-- <script type=\"text/javascript\" src=\"/library-web/bootstrap/js/bootstrap.min.js\"></script> -->  <!-- src=\"/library-web/bootstrap/js/bootstrap.js\" -->\n<!-- CDN=[cdn.jsdelivr.net]: bootstrap@4.6.0 [JS] -->\n<!-- <script src=\"https://cdn.jsdelivr.net/npm/bootstrap@4.6.0/dist/js/bootstrap.bundle.min.js\" integrity=\"sha384-Piv4xVNRyMGpqkS2by6br4gNJ7DXjqk09RmUpJ8jgGtD7zP9yug3goQfGII0yAns\" crossorigin=\"anonymous\"></script> -->\n<script src=\"https://stackpath.bootstrapcdn.com/bootstrap/3.4.1/js/bootstrap.min.js\" integrity=\"sha384-aJ21OjlMXNL5UyIl/XNwTMqvzeRMZH2w8c5cRVpzpU8Y5bApTppSuUkhZXN0VxHd\" crossorigin=\"anonymous\"></script>\n<!-- JS MDB core JavaScript -->\n<!-- <script type=\"text/javascript\" src=\"/library-web/mdb/js/mdb.min.js\"></script> -->              <!-- src=\"/library-web/mdb/js/mdb.js\" -->\n<!-- JS SLICK core JavaScript -->\n<script type=\"text/javascript\" src=\"/library-web/slick/slick.min.js\"></script>                      <!-- src=\"/library-web/slick/slick.js\" -->\n\n\n<!-- RegisPUB & [OneTrust] (Params, Habillage(body,oast,oasm,...)) -->\n<!-- ############################################################# -->\n<!-- [OneTrust] CATEGORY-1: Cookies strictement nécessaires -->\n<script type=\"text/plain\" class=\"optanon-category-1\">\n    //alert(\"CATEGORY-1: OK \\nCookies strictement nécessaires\");\n    //alert(\"OnetrustActiveGroups: [\" + OnetrustActiveGroups +\"]\");\n    //\n    // Set cookie [show payWall] (default value)\n    //alert(\"optanon(CAT-1|START) : spwpoool_ = true (default value)\");\n    setCookie('spwpoool_', 'true', 1);\n</script>\n<!-- [OneTrust] CATEGORY-2: Cookies de performance -->\n<script type=\"text/plain\" class=\"optanon-category-2\">\n    //alert(\"CATEGORY-2: OK \\nCookies de performance \");\n    //alert(\"OnetrustActiveGroups: [\" + OnetrustActiveGroups +\"]\");\n    //\n    //googleAnalytics();\n    //alert(\"googleAnalytics(): OK\");\n</script>\n<!-- [OneTrust] CATEGORY-3: Cookies de fonctionnalité -->\n<script type=\"text/plain\" class=\"optanon-category-3\">\n    //alert(\"CATEGORY-3: OK \\nCookies de fonctionnalité\");\n    //alert(\"OnetrustActiveGroups: [\" + OnetrustActiveGroups +\"]\");\n    //\n</script>\n<!-- [OneTrust] CATEGORY-4: Cookies pour une publicité ciblée -->\n<script type=\"text/plain\" class=\"optanon-category-4\">\n    //alert(\"CATEGORY-4: OK \\nCookies pour une publicité ciblée\");\n    //alert(\"OnetrustActiveGroups: [\" + OnetrustActiveGroups +\"]\");\n    //\n    //alert(\"optanon(CAT-4|PUB) : Consent[OK]\");\n    setCookie('laruserconsent_', 'true', 1);\n    //alert(\"setCookie : laruserconsent_[true]\");\n    disablePaywall();\n    initFirstID();\n    //\n    //initSAStrigger();   // regispub: trigger Pub (body, etc...) via smartadserver\n    //ads();              // regispub: themoneytizer\n    //AdsEx();            // regispub: quantx(elasticad), Teads\n    //alert(\"ads()-quantxAds(): OK\");\n</script>\n<!-- [OneTrust] CATEGORY-8: Cookies « réseaux sociaux » -->\n<script type=\"text/plain\" class=\"optanon-category-8\">\n    //alert(\"CATEGORY-8: OK \\nCookies réseaux sociaux\");\n    //alert(\"OnetrustActiveGroups: [\" + OnetrustActiveGroups +\"]\");\n    //\n    //twitter();      // Box Twitter\n    //facebook();     // Box facebook\n    //googleplus();   // Box Google Plus\n    //alert(\"twitter()-facebook()-googleplus(): OK\");\n</script>\n<!-- ########## FIN CNIL(RGPD) ##########  -->\n\n<!-- POOOL [payWall & subscription] (access.js & subscribe.js) -->\n<!-- ######################################################### -->\n<!-- -------------- intégration [audit.js] ----------------- -->\n\n<!-- -------------- intégration [access.js] ----------------- -->\n<script id=\"poool-access\" src=\"https://assets.poool.fr/access.min.js\" async></script>\n<script>\n    var access = null;\n    const script_access = document.getElementById('poool-access');\n    script_access.addEventListener('load', function () {\n        //\n        var spwpoool_ = getCookie('spwpoool_');\n        if(window.location.toString().indexOf(\"/infos/\") > 0) spwpoool_ = false;    // Paywall & pageInfos(footer)\n        //\n        if (spwpoool_ == null || spwpoool_ == 'true') {\n            //alert(\"spwpoool_[\" + spwpoool_+\"]: \\n   - createPaywall \\n   - poool-widget=show() + wrapper=blur(3) \\n   - event(Poool+oneTrust)\");\n            access = Access.init('ILD4S-2S1MH-UGZ3J-1SEEH');\n            access.createPaywall({\n                target: '#poool-widget',\n                content: '[data-poool]',\n                mode: 'excerpt',\n                percent: 80,\n                pageType: 'premium',\n            });\n            // Hide <#poool-widget>\n            $(\"#poool-widget\").show();\n            // wrapper -> blur(3) >>> flou\n            $('.wrapper').css({\n                'filter'         : 'blur(3px)',\n                '-webkit-filter' : 'blur(3px)',\n                '-moz-filter'    : 'blur(3px)',\n                '-o-filter'      : 'blur(3px)',\n                '-ms-filter'     : 'blur(3px)'\n            });\n\n            // event back consent\n            access.on('consent', function () {\n                //alert(\"access.on('consent')\");\n\n                // change Consent (accept All Cookie)\n                /////////////////////////////////////\n                //OneTrust.AllowAll();              // => [OK]\n\n                // Display Banner OneTrust (!niveau 2:setting!)\n                ///////////////////////////////////////////////\n                OneTrust.ToggleInfoDisplay();       // => [OK]\n                OneTrust.OnConsentChanged(function () {\n                    //alert(\"OneTrust.OnConsentChanged => Value: [\" + OnetrustActiveGroups + \"]\");\n                    if (OnetrustActiveGroups.match(/,4,/) != null) {\n                        // consentement oneTrust: [OK]  (OnetrustActiveGroups == 4)\n                        setCookie('laruserconsent_', 'true', 1);\n                        //alert(\"setCookie : laruserconsent_[true]\");\n                        // gestion First-ID\n                        initFirstID();\n                    }else{\n                        // consentement oneTrust: [KO]  (OnetrustActiveGroups != 4)\n                        // (ré)activation paywall POOOL\n                        access.createPaywall({\n                            target: '#poool-widget',\n                            content: '[data-poool]',\n                            mode: 'excerpt',\n                            percent: 80,\n                            pageType: 'premium',\n                        });\n                    }\n                });\n            });\n        }else{\n            //\n            //alert(\"spwpoool_[false]: noPaywall\");\n        }\n    });\n\n    //\n    function disablePaywall(){\n        //alert(\"disablePaywall(): \\n   - destroyPaywall(?) \\n   - poool-widget=hide() + wrapper=blur(0) \\n   - cookie spwpoool_: false\");\n        //\n        // Destroy Paywall (?)\n        if(access){\n            //alert(\"access != null : destroyPaywall\");\n            access.destroy();\n        }\n        //\n        //alert(\"- <div poool-widget>: hide() \\n- <div wrapper>: blur(0)\");\n        // Hide <#poool-widget>\n        $(\"#poool-widget\").hide();\n        // wrapper -> blur(0) >>> ok\n        $('.wrapper').css({\n            'filter'         : 'none',\n            '-webkit-filter' : 'none',\n            '-moz-filter'    : 'none',\n            '-o-filter'      : 'none',\n            '-ms-filter'     : 'none'\n        });\n        //\n        // Set cookie [hide payWall]\n        //alert(\"cookie spwpoool_: false\");\n        setCookie('spwpoool_', 'false', 1);\n    }\n</script>\n\n<!-- ------------- intégration [subscribe.js] ---------------- -->\n<script id=\"poool-subscribe\" src=\"https://assets.poool-subscribe.fr/subscribe.js\" async></script>\n<script>\n    const script_subscribe = document.getElementById('poool-subscribe');\n    script_subscribe.addEventListener('load', function () {\n        subscribe = Subscribe.init('ILD4S-2S1MH-UGZ3J-1SEEH');\n        subscribe.createAuthElement('signin-with-subscribe-button', {\n            target: '#auth-widget-topbar'\n        });\n        subscribe.createAuthElement('signin-with-subscribe-button', {\n            target: '#auth-widget-menuburger'\n        });\n        //subscribe.config('debug', true);\n\n        // Appel ( async / await)\n        /////////////////////////\n        async function getUserDatas() {\n            const user = await subscribe.getUser();         //[KO] user => undefined\n            //alert(\"user info: \" + user\n            //                        + \"\\nid_subscription: \" + user.subscription.subscriptionId\n            //                        + \"\\nstatus: \" + user.subscription.status\n            //                        + \"\\ncreatedAt: \" + user.subscription.createdAt);\n            if(user != undefined\n                && user.subscription != null\n                && user.subscription.status == \"active\"){\n                //alert(\"status == active : subscribe[OK]\");\n                $(\"#auth-widget-topbar\").css(\"margin-top\", \"12px\");   // alignement infoUSer (topbar)\n                disablePaywall();\n            }else{\n                //\n                //alert(\"access[null] OR subscribe[KO]: keepContext\");\n            }\n        }\n        getUserDatas();\n    });\n\n</script>\n<!-- ############# FIN PAYWALL(Pool) #############  -->\n\n<!-- ##################################### -->\n<!-- ---- intégration [loader.min.js] ---- -->\n<script src=\"https://cdn.first-id.fr/sdk/loader/loader.min.js\"></script>                    <!-- first-ID [PROD] -->\n<!-- first-ID [RECE-PREPROD] -->\n<script>\n    //\n    function initFirstID() {\n        //\n        //alert(\"gestion first-ID\");\n        console.log('version/call first-ID')\n\n        //\n        window.firstId = window.firstId || {\n            callbacks: [], // callbacks to execute when the SDK is loaded\n            debug: false, // if you want to see the logs of the SDK\n            cookieName: 'firstid', // the name of the cookie where you put the First-id value after the gate redirect\n\n            // User hashed email value\n            emailCookieName: 'hashed_email', // the name of the cookie where we can find the hashed email value after the user login\n            emailHashed: null, // OR the hashed email value of the user if you have it before the SDK initialization\n            emailGetterCallback: null, // OR a callback to get the hashed email value of the user\n\n            refreshCookieName: 'firstid_refresh', // the name of the cookie that SDK create to tell you to make a redirect to our gate to resync the First-id value\n        };\n\n        //\n        // callbacks to execute when the SDK is loaded\n        window.firstId.callbacks.push(() => {\n            console.log('First-id SDK loaded. #1')\n            //alert('[First-id callbacks]: SDK loaded. #1');\n        });\n\n        //\n        // callback to get the First-id value\n        window.firstId.callbacks.push(() => {\n            console.log('First-id SDK loaded #2')\n            //alert('[First-id callbacks]: SDK loaded. #2');\n            try {\n                var _firstID = FIRSTID.getId(); // you can access to the First-id SDK with the global variable \"FIRSTID\", this method return the First-id value\n                console.log('First-id cookie: ' + _firstID)\n                //alert('First-id cookie: ' + _firstID);\n            } catch (e) {\n                if (e.code === 'FirstIdCookieNotFound') {\n                    console.log('FirstID cookie not found');\n                    //alert('[First-id callbacks]: FirstID cookie not found');\n                }\n            }\n        });\n    }\n</script>\n\n<!-- JS larousse-Masterpage -->\n<script type=\"text/javascript\" src=\"/library-web/larcom/masterpage/js/masterpage.js\"></script>                  <!-- src=\"[module]/assets/js/masterpage.js\" -->\n</html>",
  "headers" : {
    "Content-Type" : "text/html"
  }
}

Response:
HTTP/2.0 200
Content-Type: [text/html]
Matched-Stub-Id: [94158549-6ae3-453e-a8d2-5b9a1224db03]

]]></system-out>
  <system-err><![CDATA[Mockito is currently self-attaching to enable the inline-mock-maker. This will no longer work in future releases of the JDK. Please add Mockito as an agent to your build as described in Mockito's documentation: https://javadoc.io/doc/org.mockito/mockito-core/latest/org.mockito/org/mockito/Mockito.html#0.3
WARNING: A Java agent has been loaded dynamically (/home/aloussase/.gradle/caches/modules-2/files-2.1/net.bytebuddy/byte-buddy-agent/1.17.6/17b32fd9f57deef02842f7f05abc4ad8127fe34e/byte-buddy-agent-1.17.6.jar)
WARNING: If a serviceability tool is in use, please run with -XX:+EnableDynamicAgentLoading to hide this warning
WARNING: If a serviceability tool is not in use, please run with -Djdk.instrument.traceUsage for more information
WARNING: Dynamic loading of agents will be disallowed by default in a future release
]]></system-err>
</testsuite>
